
2020-04-16 22:51:56,304 [5] ERROR ErrorLog 
调用: /MaskData/DownloadTemplete
调用参数: ["tmpname","ASP.NET_SessionId","ALL_HTTP","ALL_RAW","APPL_MD_PATH","APPL_PHYSICAL_PATH","AUTH_TYPE","AUTH_USER","AUTH_PASSWORD","LOGON_USER","REMOTE_USER","CERT_COOKIE","CERT_FLAGS","CERT_ISSUER","CERT_KEYSIZE","CERT_SECRETKEYSIZE","CERT_SERIALNUMBER","CERT_SERVER_ISSUER","CERT_SERVER_SUBJECT","CERT_SUBJECT","CONTENT_LENGTH","CONTENT_TYPE","GATEWAY_INTERFACE","HTTPS","HTTPS_KEYSIZE","HTTPS_SECRETKEYSIZE","HTTPS_SERVER_ISSUER","HTTPS_SERVER_SUBJECT","INSTANCE_ID","INSTANCE_META_PATH","LOCAL_ADDR","PATH_INFO","PATH_TRANSLATED","QUERY_STRING","REMOTE_ADDR","REMOTE_HOST","REMOTE_PORT","REQUEST_METHOD","SCRIPT_NAME","SERVER_NAME","SERVER_PORT","SERVER_PORT_SECURE","SERVER_PROTOCOL","SERVER_SOFTWARE","URL","HTTP_CONNECTION","HTTP_ACCEPT","HTTP_ACCEPT_ENCODING","HTTP_ACCEPT_LANGUAGE","HTTP_COOKIE","HTTP_HOST","HTTP_REFERER","HTTP_USER_AGENT","HTTP_UPGRADE_INSECURE_REQUESTS","HTTP_SEC_FETCH_DEST","HTTP_SEC_FETCH_SITE","HTTP_SEC_FETCH_MODE","HTTP_SEC_FETCH_USER"]

System.ArgumentException: 路径中具有非法字符。
   在 System.IO.Path.CheckInvalidPathChars(String path, Boolean checkAdditional)
   在 System.IO.Path.Combine(String path1, String path2)
   在 QzMisBocHangZhou.Web.Controllers.MaskDataController.DownloadTemplete(String tmpname) 位置 E:\01 Project\05 ZH Project\02 Code\QzMisBocHangZhou\QzMisBocHangZhou.Web\Controllers\MaskDataController.cs:行号 45
   在 lambda_method(Closure , ControllerBase , Object[] )
   在 System.Web.Mvc.ActionMethodDispatcher.Execute(ControllerBase controller, Object[] parameters)
   在 System.Web.Mvc.ReflectedActionDescriptor.Execute(ControllerContext controllerContext, IDictionary`2 parameters)
   在 System.Web.Mvc.ControllerActionInvoker.InvokeActionMethod(ControllerContext controllerContext, ActionDescriptor actionDescriptor, IDictionary`2 parameters)
   在 System.Web.Mvc.Async.AsyncControllerActionInvoker.<>c.<BeginInvokeSynchronousActionMethod>b__9_0(IAsyncResult asyncResult, ActionInvocation innerInvokeState)
   在 System.Web.Mvc.Async.AsyncResultWrapper.WrappedAsyncResult`2.CallEndDelegate(IAsyncResult asyncResult)
   在 System.Web.Mvc.Async.AsyncResultWrapper.WrappedAsyncResultBase`1.End()
   在 System.Web.Mvc.Async.AsyncControllerActionInvoker.EndInvokeActionMethod(IAsyncResult asyncResult)
   在 System.Web.Mvc.Async.AsyncControllerActionInvoker.AsyncInvocationWithFilters.<>c__DisplayClass11_0.<InvokeActionMethodFilterAsynchronouslyRecursive>b__0()
   在 System.Web.Mvc.Async.AsyncControllerActionInvoker.AsyncInvocationWithFilters.<>c__DisplayClass11_2.<InvokeActionMethodFilterAsynchronouslyRecursive>b__2()
   在 System.Web.Mvc.Async.AsyncControllerActionInvoker.<>c__DisplayClass7_0.<BeginInvokeActionMethodWithFilters>b__1(IAsyncResult asyncResult)
   在 System.Web.Mvc.Async.AsyncResultWrapper.WrappedAsyncResult`1.CallEndDelegate(IAsyncResult asyncResult)
   在 System.Web.Mvc.Async.AsyncResultWrapper.WrappedAsyncResultBase`1.End()
   在 System.Web.Mvc.Async.AsyncControllerActionInvoker.EndInvokeActionMethodWithFilters(IAsyncResult asyncResult)
   在 System.Web.Mvc.Async.AsyncControllerActionInvoker.<>c__DisplayClass3_6.<BeginInvokeAction>b__4()
   在 System.Web.Mvc.Async.AsyncControllerActionInvoker.<>c__DisplayClass3_1.<BeginInvokeAction>b__1(IAsyncResult asyncResult)
