
2020-04-21 00:14:52,205 [9] ERROR ErrorLog 
调用: /Transfer/GetPreReview
调用参数: ["page","limit","orgId","ASP.NET_SessionId","ALL_HTTP","ALL_RAW","APPL_MD_PATH","APPL_PHYSICAL_PATH","AUTH_TYPE","AUTH_USER","AUTH_PASSWORD","LOGON_USER","REMOTE_USER","CERT_COOKIE","CERT_FLAGS","CERT_ISSUER","CERT_KEYSIZE","CERT_SECRETKEYSIZE","CERT_SERIALNUMBER","CERT_SERVER_ISSUER","CERT_SERVER_SUBJECT","CERT_SUBJECT","CONTENT_LENGTH","CONTENT_TYPE","GATEWAY_INTERFACE","HTTPS","HTTPS_KEYSIZE","HTTPS_SECRETKEYSIZE","HTTPS_SERVER_ISSUER","HTTPS_SERVER_SUBJECT","INSTANCE_ID","INSTANCE_META_PATH","LOCAL_ADDR","PATH_INFO","PATH_TRANSLATED","QUERY_STRING","REMOTE_ADDR","REMOTE_HOST","REMOTE_PORT","REQUEST_METHOD","SCRIPT_NAME","SERVER_NAME","SERVER_PORT","SERVER_PORT_SECURE","SERVER_PROTOCOL","SERVER_SOFTWARE","URL","HTTP_CONNECTION","HTTP_CONTENT_LENGTH","HTTP_CONTENT_TYPE","HTTP_ACCEPT","HTTP_ACCEPT_ENCODING","HTTP_ACCEPT_LANGUAGE","HTTP_COOKIE","HTTP_HOST","HTTP_REFERER","HTTP_USER_AGENT","HTTP_SEC_FETCH_DEST","HTTP_X_REQUESTED_WITH","HTTP_ORIGIN","HTTP_SEC_FETCH_SITE","HTTP_SEC_FETCH_MODE"]

Oracle.ManagedDataAccess.Client.OracleException (0x80004005): ORA-01788: 此查询块中要求 CONNECT BY 子句
   在 OracleInternal.ServiceObjects.OracleConnectionImpl.VerifyExecution(Int32& cursorId, Boolean bThrowArrayBindRelatedErrors, SqlStatementType sqlStatementType, Int32 arrayBindCount, OracleException& exceptionForArrayBindDML, Boolean& hasMoreRowsInDB, Boolean bFirstIterationDone)
   在 OracleInternal.ServiceObjects.OracleCommandImpl.ExecuteReader(String commandText, OracleParameterCollection paramColl, CommandType commandType, OracleConnectionImpl connectionImpl, OracleDataReaderImpl& rdrImpl, Int32 longFetchSize, Int64 clientInitialLOBFS, OracleDependencyImpl orclDependencyImpl, Int64[] scnForExecution, Int64[]& scnFromExecution, OracleParameterCollection& bindByPositionParamColl, Boolean& bBindParamPresent, Int64& internalInitialLOBFS, OracleException& exceptionForArrayBindDML, OracleConnection connection, OracleLogicalTransaction& oracleLogicalTransaction, IEnumerable`1 adrianParsedStmt, Boolean isDescribeOnly, Boolean isFromEF)
   在 Oracle.ManagedDataAccess.Client.OracleCommand.ExecuteReader(Boolean requery, Boolean fillRequest, CommandBehavior behavior)
   在 Oracle.ManagedDataAccess.Client.OracleCommand.ExecuteReader()
   在 Oracle.ManagedDataAccess.Client.OracleCommand.ExecuteScalar()
   在 QzMisBocHangZhou.DAL.DbContext`1.<>c__8`1.<ExecuteScalar>b__8_0(DbCommand command) 位置 E:\01 Project\05 ZH Project\02 Code\QzMisBocHangZhou\QzMisBocHangZhou.DAL\DataAccess\DbContext.cs:行号 100
   在 QzMisBocHangZhou.DAL.DbContext`1.ExecuteDb[TResult](DbCommand command, String commandText, Func`2 execFunc, DbParameter[] parms) 位置 E:\01 Project\05 ZH Project\02 Code\QzMisBocHangZhou\QzMisBocHangZhou.DAL\DataAccess\DbContext.cs:行号 291
   在 QzMisBocHangZhou.DAL.DbContext`1.ExecuteDb[TResult](String commandText, CommandType cmdType, Func`2 execFunc, DbParameter[] parms) 位置 E:\01 Project\05 ZH Project\02 Code\QzMisBocHangZhou\QzMisBocHangZhou.DAL\DataAccess\DbContext.cs:行号 276
   在 QzMisBocHangZhou.DAL.DbContext`1.ExecuteScalar[TResult](String commandText, CommandType cmdType, DbParameter[] parms) 位置 E:\01 Project\05 ZH Project\02 Code\QzMisBocHangZhou\QzMisBocHangZhou.DAL\DataAccess\DbContext.cs:行号 97
   在 QzMisBocHangZhou.DAL.DbContext`1.ExecuteScalar[TResult](String commandText, DbParameter[] parms) 位置 E:\01 Project\05 ZH Project\02 Code\QzMisBocHangZhou\QzMisBocHangZhou.DAL\DataAccess\DbContext.cs:行号 91
   在 QzMisBocHangZhou.DAL.DbContext`1.GetRecordCount(String commandText, DbParameter[] parms) 位置 E:\01 Project\05 ZH Project\02 Code\QzMisBocHangZhou\QzMisBocHangZhou.DAL\DataAccess\DbContext.cs:行号 218
   在 QzMisBocHangZhou.DAL.ArchiveTransferInfoDAL.GetPreReview(Int32 page, Int32 limit, String orgId, String keyWords) 位置 E:\01 Project\05 ZH Project\02 Code\QzMisBocHangZhou\QzMisBocHangZhou.DAL\ArchiveTransferInfoDAL.cs:行号 93
   在 QzMisBocHangZhou.Biz.ArchiveTransferInfoBiz.GetPreReview(Int32 page, Int32 limit, String orgId, String keyWords) 位置 E:\01 Project\05 ZH Project\02 Code\QzMisBocHangZhou\QzMisBocHangZhou.Biz\ArchiveTransferInfoBiz.cs:行号 25
   在 QzMisBocHangZhou.Web.Controllers.TransferController.GetPreReview(Int32 page, Int32 limit, String orgId, String keywords) 位置 E:\01 Project\05 ZH Project\02 Code\QzMisBocHangZhou\QzMisBocHangZhou.Web\Controllers\TransferController.cs:行号 54
   在 lambda_method(Closure , ControllerBase , Object[] )
   在 System.Web.Mvc.ActionMethodDispatcher.Execute(ControllerBase controller, Object[] parameters)
   在 System.Web.Mvc.ReflectedActionDescriptor.Execute(ControllerContext controllerContext, IDictionary`2 parameters)
   在 System.Web.Mvc.ControllerActionInvoker.InvokeActionMethod(ControllerContext controllerContext, ActionDescriptor actionDescriptor, IDictionary`2 parameters)
   在 System.Web.Mvc.Async.AsyncControllerActionInvoker.<>c.<BeginInvokeSynchronousActionMethod>b__9_0(IAsyncResult asyncResult, ActionInvocation innerInvokeState)
   在 System.Web.Mvc.Async.AsyncResultWrapper.WrappedAsyncResult`2.CallEndDelegate(IAsyncResult asyncResult)
   在 System.Web.Mvc.Async.AsyncResultWrapper.WrappedAsyncResultBase`1.End()
   在 System.Web.Mvc.Async.AsyncControllerActionInvoker.EndInvokeActionMethod(IAsyncResult asyncResult)
   在 System.Web.Mvc.Async.AsyncControllerActionInvoker.AsyncInvocationWithFilters.<>c__DisplayClass11_0.<InvokeActionMethodFilterAsynchronouslyRecursive>b__0()
   在 System.Web.Mvc.Async.AsyncControllerActionInvoker.AsyncInvocationWithFilters.<>c__DisplayClass11_2.<InvokeActionMethodFilterAsynchronouslyRecursive>b__2()
   在 System.Web.Mvc.Async.AsyncControllerActionInvoker.<>c__DisplayClass7_0.<BeginInvokeActionMethodWithFilters>b__1(IAsyncResult asyncResult)
   在 System.Web.Mvc.Async.AsyncResultWrapper.WrappedAsyncResult`1.CallEndDelegate(IAsyncResult asyncResult)
   在 System.Web.Mvc.Async.AsyncResultWrapper.WrappedAsyncResultBase`1.End()
   在 System.Web.Mvc.Async.AsyncControllerActionInvoker.EndInvokeActionMethodWithFilters(IAsyncResult asyncResult)
   在 System.Web.Mvc.Async.AsyncControllerActionInvoker.<>c__DisplayClass3_6.<BeginInvokeAction>b__4()
   在 System.Web.Mvc.Async.AsyncControllerActionInvoker.<>c__DisplayClass3_1.<BeginInvokeAction>b__1(IAsyncResult asyncResult)

2020-04-21 19:46:39,472 [9] ERROR ErrorLog 
调用: /OrgInfo/GetOrgTree
调用参数: ["ASP.NET_SessionId","ALL_HTTP","ALL_RAW","APPL_MD_PATH","APPL_PHYSICAL_PATH","AUTH_TYPE","AUTH_USER","AUTH_PASSWORD","LOGON_USER","REMOTE_USER","CERT_COOKIE","CERT_FLAGS","CERT_ISSUER","CERT_KEYSIZE","CERT_SECRETKEYSIZE","CERT_SERIALNUMBER","CERT_SERVER_ISSUER","CERT_SERVER_SUBJECT","CERT_SUBJECT","CONTENT_LENGTH","CONTENT_TYPE","GATEWAY_INTERFACE","HTTPS","HTTPS_KEYSIZE","HTTPS_SECRETKEYSIZE","HTTPS_SERVER_ISSUER","HTTPS_SERVER_SUBJECT","INSTANCE_ID","INSTANCE_META_PATH","LOCAL_ADDR","PATH_INFO","PATH_TRANSLATED","QUERY_STRING","REMOTE_ADDR","REMOTE_HOST","REMOTE_PORT","REQUEST_METHOD","SCRIPT_NAME","SERVER_NAME","SERVER_PORT","SERVER_PORT_SECURE","SERVER_PROTOCOL","SERVER_SOFTWARE","URL","HTTP_CONNECTION","HTTP_ACCEPT","HTTP_ACCEPT_ENCODING","HTTP_ACCEPT_LANGUAGE","HTTP_COOKIE","HTTP_HOST","HTTP_REFERER","HTTP_USER_AGENT","HTTP_SEC_FETCH_DEST","HTTP_X_REQUESTED_WITH","HTTP_SEC_FETCH_SITE","HTTP_SEC_FETCH_MODE"]

Oracle.ManagedDataAccess.Client.OracleException (0x80004005): ORA-01788: 此查询块中要求 CONNECT BY 子句
   在 OracleInternal.ServiceObjects.OracleConnectionImpl.VerifyExecution(Int32& cursorId, Boolean bThrowArrayBindRelatedErrors, SqlStatementType sqlStatementType, Int32 arrayBindCount, OracleException& exceptionForArrayBindDML, Boolean& hasMoreRowsInDB, Boolean bFirstIterationDone)
   在 OracleInternal.ServiceObjects.OracleCommandImpl.ExecuteReader(String commandText, OracleParameterCollection paramColl, CommandType commandType, OracleConnectionImpl connectionImpl, OracleDataReaderImpl& rdrImpl, Int32 longFetchSize, Int64 clientInitialLOBFS, OracleDependencyImpl orclDependencyImpl, Int64[] scnForExecution, Int64[]& scnFromExecution, OracleParameterCollection& bindByPositionParamColl, Boolean& bBindParamPresent, Int64& internalInitialLOBFS, OracleException& exceptionForArrayBindDML, OracleConnection connection, OracleLogicalTransaction& oracleLogicalTransaction, IEnumerable`1 adrianParsedStmt, Boolean isDescribeOnly, Boolean isFromEF)
   在 Oracle.ManagedDataAccess.Client.OracleCommand.ExecuteReader(Boolean requery, Boolean fillRequest, CommandBehavior behavior)
   在 Oracle.ManagedDataAccess.Client.OracleCommand.ExecuteDbDataReader(CommandBehavior behavior)
   在 System.Data.Common.DbCommand.ExecuteReader()
   在 QzMisBocHangZhou.DAL.DbContext`1.<>c__16`1.<ExecuteEntityList>b__16_0(DbCommand command) 位置 E:\01 Project\05 ZH Project\02 Code\QzMisBocHangZhou\QzMisBocHangZhou.DAL\DataAccess\DbContext.cs:行号 183
   在 QzMisBocHangZhou.DAL.DbContext`1.ExecuteDb[TResult](DbCommand command, String commandText, Func`2 execFunc, DbParameter[] parms) 位置 E:\01 Project\05 ZH Project\02 Code\QzMisBocHangZhou\QzMisBocHangZhou.DAL\DataAccess\DbContext.cs:行号 291
   在 QzMisBocHangZhou.DAL.DbContext`1.ExecuteDb[TResult](String commandText, CommandType cmdType, Func`2 execFunc, DbParameter[] parms) 位置 E:\01 Project\05 ZH Project\02 Code\QzMisBocHangZhou\QzMisBocHangZhou.DAL\DataAccess\DbContext.cs:行号 276
   在 QzMisBocHangZhou.DAL.DbContext`1.ExecuteEntityList[TResult](String commandText, CommandType cmdType, DbParameter[] parms) 位置 E:\01 Project\05 ZH Project\02 Code\QzMisBocHangZhou\QzMisBocHangZhou.DAL\DataAccess\DbContext.cs:行号 180
   在 QzMisBocHangZhou.DAL.DbContext`1.ExecuteEntityList[TResult](String commandText, DbParameter[] parms) 位置 E:\01 Project\05 ZH Project\02 Code\QzMisBocHangZhou\QzMisBocHangZhou.DAL\DataAccess\DbContext.cs:行号 174
   在 QzMisBocHangZhou.DAL.OrgInfoDAL.GetChild(String id) 位置 E:\01 Project\05 ZH Project\02 Code\QzMisBocHangZhou\QzMisBocHangZhou.DAL\OrgInfoDAL.cs:行号 44
   在 QzMisBocHangZhou.Biz.OrgInfoBiz.GetOrgTree(String orgids) 位置 E:\01 Project\05 ZH Project\02 Code\QzMisBocHangZhou\QzMisBocHangZhou.Biz\OrgInfoBiz.cs:行号 58
   在 QzMisBocHangZhou.Web.Controllers.OrgInfoController.GetOrgTree(String orgid) 位置 E:\01 Project\05 ZH Project\02 Code\QzMisBocHangZhou\QzMisBocHangZhou.Web\Controllers\OrgInfoController.cs:行号 53
   在 lambda_method(Closure , ControllerBase , Object[] )
   在 System.Web.Mvc.ActionMethodDispatcher.Execute(ControllerBase controller, Object[] parameters)
   在 System.Web.Mvc.ReflectedActionDescriptor.Execute(ControllerContext controllerContext, IDictionary`2 parameters)
   在 System.Web.Mvc.ControllerActionInvoker.InvokeActionMethod(ControllerContext controllerContext, ActionDescriptor actionDescriptor, IDictionary`2 parameters)
   在 System.Web.Mvc.Async.AsyncControllerActionInvoker.<>c.<BeginInvokeSynchronousActionMethod>b__9_0(IAsyncResult asyncResult, ActionInvocation innerInvokeState)
   在 System.Web.Mvc.Async.AsyncResultWrapper.WrappedAsyncResult`2.CallEndDelegate(IAsyncResult asyncResult)
   在 System.Web.Mvc.Async.AsyncResultWrapper.WrappedAsyncResultBase`1.End()
   在 System.Web.Mvc.Async.AsyncControllerActionInvoker.EndInvokeActionMethod(IAsyncResult asyncResult)
   在 System.Web.Mvc.Async.AsyncControllerActionInvoker.AsyncInvocationWithFilters.<>c__DisplayClass11_0.<InvokeActionMethodFilterAsynchronouslyRecursive>b__0()
   在 System.Web.Mvc.Async.AsyncControllerActionInvoker.AsyncInvocationWithFilters.<>c__DisplayClass11_2.<InvokeActionMethodFilterAsynchronouslyRecursive>b__2()
   在 System.Web.Mvc.Async.AsyncControllerActionInvoker.<>c__DisplayClass7_0.<BeginInvokeActionMethodWithFilters>b__1(IAsyncResult asyncResult)
   在 System.Web.Mvc.Async.AsyncResultWrapper.WrappedAsyncResult`1.CallEndDelegate(IAsyncResult asyncResult)
   在 System.Web.Mvc.Async.AsyncResultWrapper.WrappedAsyncResultBase`1.End()
   在 System.Web.Mvc.Async.AsyncControllerActionInvoker.EndInvokeActionMethodWithFilters(IAsyncResult asyncResult)
   在 System.Web.Mvc.Async.AsyncControllerActionInvoker.<>c__DisplayClass3_6.<BeginInvokeAction>b__4()
   在 System.Web.Mvc.Async.AsyncControllerActionInvoker.<>c__DisplayClass3_1.<BeginInvokeAction>b__1(IAsyncResult asyncResult)

2020-04-21 19:48:15,916 [10] ERROR ErrorLog 
调用: /OrgInfo/GetOrgTree
调用参数: ["ASP.NET_SessionId","ALL_HTTP","ALL_RAW","APPL_MD_PATH","APPL_PHYSICAL_PATH","AUTH_TYPE","AUTH_USER","AUTH_PASSWORD","LOGON_USER","REMOTE_USER","CERT_COOKIE","CERT_FLAGS","CERT_ISSUER","CERT_KEYSIZE","CERT_SECRETKEYSIZE","CERT_SERIALNUMBER","CERT_SERVER_ISSUER","CERT_SERVER_SUBJECT","CERT_SUBJECT","CONTENT_LENGTH","CONTENT_TYPE","GATEWAY_INTERFACE","HTTPS","HTTPS_KEYSIZE","HTTPS_SECRETKEYSIZE","HTTPS_SERVER_ISSUER","HTTPS_SERVER_SUBJECT","INSTANCE_ID","INSTANCE_META_PATH","LOCAL_ADDR","PATH_INFO","PATH_TRANSLATED","QUERY_STRING","REMOTE_ADDR","REMOTE_HOST","REMOTE_PORT","REQUEST_METHOD","SCRIPT_NAME","SERVER_NAME","SERVER_PORT","SERVER_PORT_SECURE","SERVER_PROTOCOL","SERVER_SOFTWARE","URL","HTTP_CONNECTION","HTTP_ACCEPT","HTTP_ACCEPT_ENCODING","HTTP_ACCEPT_LANGUAGE","HTTP_COOKIE","HTTP_HOST","HTTP_REFERER","HTTP_USER_AGENT","HTTP_SEC_FETCH_DEST","HTTP_X_REQUESTED_WITH","HTTP_SEC_FETCH_SITE","HTTP_SEC_FETCH_MODE"]

Oracle.ManagedDataAccess.Client.OracleException (0x80004005): ORA-01788: 此查询块中要求 CONNECT BY 子句
   在 OracleInternal.ServiceObjects.OracleConnectionImpl.VerifyExecution(Int32& cursorId, Boolean bThrowArrayBindRelatedErrors, SqlStatementType sqlStatementType, Int32 arrayBindCount, OracleException& exceptionForArrayBindDML, Boolean& hasMoreRowsInDB, Boolean bFirstIterationDone)
   在 OracleInternal.ServiceObjects.OracleCommandImpl.ExecuteReader(String commandText, OracleParameterCollection paramColl, CommandType commandType, OracleConnectionImpl connectionImpl, OracleDataReaderImpl& rdrImpl, Int32 longFetchSize, Int64 clientInitialLOBFS, OracleDependencyImpl orclDependencyImpl, Int64[] scnForExecution, Int64[]& scnFromExecution, OracleParameterCollection& bindByPositionParamColl, Boolean& bBindParamPresent, Int64& internalInitialLOBFS, OracleException& exceptionForArrayBindDML, OracleConnection connection, OracleLogicalTransaction& oracleLogicalTransaction, IEnumerable`1 adrianParsedStmt, Boolean isDescribeOnly, Boolean isFromEF)
   在 Oracle.ManagedDataAccess.Client.OracleCommand.ExecuteReader(Boolean requery, Boolean fillRequest, CommandBehavior behavior)
   在 Oracle.ManagedDataAccess.Client.OracleCommand.ExecuteDbDataReader(CommandBehavior behavior)
   在 System.Data.Common.DbCommand.ExecuteReader()
   在 QzMisBocHangZhou.DAL.DbContext`1.<>c__16`1.<ExecuteEntityList>b__16_0(DbCommand command) 位置 E:\01 Project\05 ZH Project\02 Code\QzMisBocHangZhou\QzMisBocHangZhou.DAL\DataAccess\DbContext.cs:行号 183
   在 QzMisBocHangZhou.DAL.DbContext`1.ExecuteDb[TResult](DbCommand command, String commandText, Func`2 execFunc, DbParameter[] parms) 位置 E:\01 Project\05 ZH Project\02 Code\QzMisBocHangZhou\QzMisBocHangZhou.DAL\DataAccess\DbContext.cs:行号 291
   在 QzMisBocHangZhou.DAL.DbContext`1.ExecuteDb[TResult](String commandText, CommandType cmdType, Func`2 execFunc, DbParameter[] parms) 位置 E:\01 Project\05 ZH Project\02 Code\QzMisBocHangZhou\QzMisBocHangZhou.DAL\DataAccess\DbContext.cs:行号 276
   在 QzMisBocHangZhou.DAL.DbContext`1.ExecuteEntityList[TResult](String commandText, CommandType cmdType, DbParameter[] parms) 位置 E:\01 Project\05 ZH Project\02 Code\QzMisBocHangZhou\QzMisBocHangZhou.DAL\DataAccess\DbContext.cs:行号 180
   在 QzMisBocHangZhou.DAL.DbContext`1.ExecuteEntityList[TResult](String commandText, DbParameter[] parms) 位置 E:\01 Project\05 ZH Project\02 Code\QzMisBocHangZhou\QzMisBocHangZhou.DAL\DataAccess\DbContext.cs:行号 174
   在 QzMisBocHangZhou.DAL.OrgInfoDAL.GetChild(String id) 位置 E:\01 Project\05 ZH Project\02 Code\QzMisBocHangZhou\QzMisBocHangZhou.DAL\OrgInfoDAL.cs:行号 44
   在 QzMisBocHangZhou.Biz.OrgInfoBiz.GetOrgTree(String orgids) 位置 E:\01 Project\05 ZH Project\02 Code\QzMisBocHangZhou\QzMisBocHangZhou.Biz\OrgInfoBiz.cs:行号 58
   在 QzMisBocHangZhou.Web.Controllers.OrgInfoController.GetOrgTree(String orgid) 位置 E:\01 Project\05 ZH Project\02 Code\QzMisBocHangZhou\QzMisBocHangZhou.Web\Controllers\OrgInfoController.cs:行号 53
   在 lambda_method(Closure , ControllerBase , Object[] )
   在 System.Web.Mvc.ActionMethodDispatcher.Execute(ControllerBase controller, Object[] parameters)
   在 System.Web.Mvc.ReflectedActionDescriptor.Execute(ControllerContext controllerContext, IDictionary`2 parameters)
   在 System.Web.Mvc.ControllerActionInvoker.InvokeActionMethod(ControllerContext controllerContext, ActionDescriptor actionDescriptor, IDictionary`2 parameters)
   在 System.Web.Mvc.Async.AsyncControllerActionInvoker.<>c.<BeginInvokeSynchronousActionMethod>b__9_0(IAsyncResult asyncResult, ActionInvocation innerInvokeState)
   在 System.Web.Mvc.Async.AsyncResultWrapper.WrappedAsyncResult`2.CallEndDelegate(IAsyncResult asyncResult)
   在 System.Web.Mvc.Async.AsyncResultWrapper.WrappedAsyncResultBase`1.End()
   在 System.Web.Mvc.Async.AsyncControllerActionInvoker.EndInvokeActionMethod(IAsyncResult asyncResult)
   在 System.Web.Mvc.Async.AsyncControllerActionInvoker.AsyncInvocationWithFilters.<>c__DisplayClass11_0.<InvokeActionMethodFilterAsynchronouslyRecursive>b__0()
   在 System.Web.Mvc.Async.AsyncControllerActionInvoker.AsyncInvocationWithFilters.<>c__DisplayClass11_2.<InvokeActionMethodFilterAsynchronouslyRecursive>b__2()
   在 System.Web.Mvc.Async.AsyncControllerActionInvoker.<>c__DisplayClass7_0.<BeginInvokeActionMethodWithFilters>b__1(IAsyncResult asyncResult)
   在 System.Web.Mvc.Async.AsyncResultWrapper.WrappedAsyncResult`1.CallEndDelegate(IAsyncResult asyncResult)
   在 System.Web.Mvc.Async.AsyncResultWrapper.WrappedAsyncResultBase`1.End()
   在 System.Web.Mvc.Async.AsyncControllerActionInvoker.EndInvokeActionMethodWithFilters(IAsyncResult asyncResult)
   在 System.Web.Mvc.Async.AsyncControllerActionInvoker.<>c__DisplayClass3_6.<BeginInvokeAction>b__4()
   在 System.Web.Mvc.Async.AsyncControllerActionInvoker.<>c__DisplayClass3_1.<BeginInvokeAction>b__1(IAsyncResult asyncResult)

2020-04-21 19:49:29,044 [6] ERROR ErrorLog 
调用: /OrgInfo/GetOrgTree
调用参数: ["ASP.NET_SessionId","ALL_HTTP","ALL_RAW","APPL_MD_PATH","APPL_PHYSICAL_PATH","AUTH_TYPE","AUTH_USER","AUTH_PASSWORD","LOGON_USER","REMOTE_USER","CERT_COOKIE","CERT_FLAGS","CERT_ISSUER","CERT_KEYSIZE","CERT_SECRETKEYSIZE","CERT_SERIALNUMBER","CERT_SERVER_ISSUER","CERT_SERVER_SUBJECT","CERT_SUBJECT","CONTENT_LENGTH","CONTENT_TYPE","GATEWAY_INTERFACE","HTTPS","HTTPS_KEYSIZE","HTTPS_SECRETKEYSIZE","HTTPS_SERVER_ISSUER","HTTPS_SERVER_SUBJECT","INSTANCE_ID","INSTANCE_META_PATH","LOCAL_ADDR","PATH_INFO","PATH_TRANSLATED","QUERY_STRING","REMOTE_ADDR","REMOTE_HOST","REMOTE_PORT","REQUEST_METHOD","SCRIPT_NAME","SERVER_NAME","SERVER_PORT","SERVER_PORT_SECURE","SERVER_PROTOCOL","SERVER_SOFTWARE","URL","HTTP_CONNECTION","HTTP_ACCEPT","HTTP_ACCEPT_ENCODING","HTTP_ACCEPT_LANGUAGE","HTTP_COOKIE","HTTP_HOST","HTTP_REFERER","HTTP_USER_AGENT","HTTP_SEC_FETCH_DEST","HTTP_X_REQUESTED_WITH","HTTP_SEC_FETCH_SITE","HTTP_SEC_FETCH_MODE"]

Oracle.ManagedDataAccess.Client.OracleException (0x80004005): ORA-01788: 此查询块中要求 CONNECT BY 子句
   在 OracleInternal.ServiceObjects.OracleConnectionImpl.VerifyExecution(Int32& cursorId, Boolean bThrowArrayBindRelatedErrors, SqlStatementType sqlStatementType, Int32 arrayBindCount, OracleException& exceptionForArrayBindDML, Boolean& hasMoreRowsInDB, Boolean bFirstIterationDone)
   在 OracleInternal.ServiceObjects.OracleCommandImpl.ExecuteReader(String commandText, OracleParameterCollection paramColl, CommandType commandType, OracleConnectionImpl connectionImpl, OracleDataReaderImpl& rdrImpl, Int32 longFetchSize, Int64 clientInitialLOBFS, OracleDependencyImpl orclDependencyImpl, Int64[] scnForExecution, Int64[]& scnFromExecution, OracleParameterCollection& bindByPositionParamColl, Boolean& bBindParamPresent, Int64& internalInitialLOBFS, OracleException& exceptionForArrayBindDML, OracleConnection connection, OracleLogicalTransaction& oracleLogicalTransaction, IEnumerable`1 adrianParsedStmt, Boolean isDescribeOnly, Boolean isFromEF)
   在 Oracle.ManagedDataAccess.Client.OracleCommand.ExecuteReader(Boolean requery, Boolean fillRequest, CommandBehavior behavior)
   在 Oracle.ManagedDataAccess.Client.OracleCommand.ExecuteDbDataReader(CommandBehavior behavior)
   在 System.Data.Common.DbCommand.ExecuteReader()
   在 QzMisBocHangZhou.DAL.DbContext`1.<>c__16`1.<ExecuteEntityList>b__16_0(DbCommand command) 位置 E:\01 Project\05 ZH Project\02 Code\QzMisBocHangZhou\QzMisBocHangZhou.DAL\DataAccess\DbContext.cs:行号 183
   在 QzMisBocHangZhou.DAL.DbContext`1.ExecuteDb[TResult](DbCommand command, String commandText, Func`2 execFunc, DbParameter[] parms) 位置 E:\01 Project\05 ZH Project\02 Code\QzMisBocHangZhou\QzMisBocHangZhou.DAL\DataAccess\DbContext.cs:行号 291
   在 QzMisBocHangZhou.DAL.DbContext`1.ExecuteDb[TResult](String commandText, CommandType cmdType, Func`2 execFunc, DbParameter[] parms) 位置 E:\01 Project\05 ZH Project\02 Code\QzMisBocHangZhou\QzMisBocHangZhou.DAL\DataAccess\DbContext.cs:行号 276
   在 QzMisBocHangZhou.DAL.DbContext`1.ExecuteEntityList[TResult](String commandText, CommandType cmdType, DbParameter[] parms) 位置 E:\01 Project\05 ZH Project\02 Code\QzMisBocHangZhou\QzMisBocHangZhou.DAL\DataAccess\DbContext.cs:行号 180
   在 QzMisBocHangZhou.DAL.DbContext`1.ExecuteEntityList[TResult](String commandText, DbParameter[] parms) 位置 E:\01 Project\05 ZH Project\02 Code\QzMisBocHangZhou\QzMisBocHangZhou.DAL\DataAccess\DbContext.cs:行号 174
   在 QzMisBocHangZhou.DAL.OrgInfoDAL.GetChild(String id) 位置 E:\01 Project\05 ZH Project\02 Code\QzMisBocHangZhou\QzMisBocHangZhou.DAL\OrgInfoDAL.cs:行号 44
   在 QzMisBocHangZhou.Biz.OrgInfoBiz.GetOrgTree(String orgids) 位置 E:\01 Project\05 ZH Project\02 Code\QzMisBocHangZhou\QzMisBocHangZhou.Biz\OrgInfoBiz.cs:行号 58
   在 QzMisBocHangZhou.Web.Controllers.OrgInfoController.GetOrgTree(String orgid) 位置 E:\01 Project\05 ZH Project\02 Code\QzMisBocHangZhou\QzMisBocHangZhou.Web\Controllers\OrgInfoController.cs:行号 53
   在 lambda_method(Closure , ControllerBase , Object[] )
   在 System.Web.Mvc.ActionMethodDispatcher.Execute(ControllerBase controller, Object[] parameters)
   在 System.Web.Mvc.ReflectedActionDescriptor.Execute(ControllerContext controllerContext, IDictionary`2 parameters)
   在 System.Web.Mvc.ControllerActionInvoker.InvokeActionMethod(ControllerContext controllerContext, ActionDescriptor actionDescriptor, IDictionary`2 parameters)
   在 System.Web.Mvc.Async.AsyncControllerActionInvoker.<>c.<BeginInvokeSynchronousActionMethod>b__9_0(IAsyncResult asyncResult, ActionInvocation innerInvokeState)
   在 System.Web.Mvc.Async.AsyncResultWrapper.WrappedAsyncResult`2.CallEndDelegate(IAsyncResult asyncResult)
   在 System.Web.Mvc.Async.AsyncResultWrapper.WrappedAsyncResultBase`1.End()
   在 System.Web.Mvc.Async.AsyncControllerActionInvoker.EndInvokeActionMethod(IAsyncResult asyncResult)
   在 System.Web.Mvc.Async.AsyncControllerActionInvoker.AsyncInvocationWithFilters.<>c__DisplayClass11_0.<InvokeActionMethodFilterAsynchronouslyRecursive>b__0()
   在 System.Web.Mvc.Async.AsyncControllerActionInvoker.AsyncInvocationWithFilters.<>c__DisplayClass11_2.<InvokeActionMethodFilterAsynchronouslyRecursive>b__2()
   在 System.Web.Mvc.Async.AsyncControllerActionInvoker.<>c__DisplayClass7_0.<BeginInvokeActionMethodWithFilters>b__1(IAsyncResult asyncResult)
   在 System.Web.Mvc.Async.AsyncResultWrapper.WrappedAsyncResult`1.CallEndDelegate(IAsyncResult asyncResult)
   在 System.Web.Mvc.Async.AsyncResultWrapper.WrappedAsyncResultBase`1.End()
   在 System.Web.Mvc.Async.AsyncControllerActionInvoker.EndInvokeActionMethodWithFilters(IAsyncResult asyncResult)
   在 System.Web.Mvc.Async.AsyncControllerActionInvoker.<>c__DisplayClass3_6.<BeginInvokeAction>b__4()
   在 System.Web.Mvc.Async.AsyncControllerActionInvoker.<>c__DisplayClass3_1.<BeginInvokeAction>b__1(IAsyncResult asyncResult)
