
2020-04-02 20:29:49,074 [31] ERROR ErrorLog 
调用: /Settle/GetPreSettle
调用参数: ["page","limit","keywords","orgId","ASP.NET_SessionId","ALL_HTTP","ALL_RAW","APPL_MD_PATH","APPL_PHYSICAL_PATH","AUTH_TYPE","AUTH_USER","AUTH_PASSWORD","LOGON_USER","REMOTE_USER","CERT_COOKIE","CERT_FLAGS","CERT_ISSUER","CERT_KEYSIZE","CERT_SECRETKEYSIZE","CERT_SERIALNUMBER","CERT_SERVER_ISSUER","CERT_SERVER_SUBJECT","CERT_SUBJECT","CONTENT_LENGTH","CONTENT_TYPE","GATEWAY_INTERFACE","HTTPS","HTTPS_KEYSIZE","HTTPS_SECRETKEYSIZE","HTTPS_SERVER_ISSUER","HTTPS_SERVER_SUBJECT","INSTANCE_ID","INSTANCE_META_PATH","LOCAL_ADDR","PATH_INFO","PATH_TRANSLATED","QUERY_STRING","REMOTE_ADDR","REMOTE_HOST","REMOTE_PORT","REQUEST_METHOD","SCRIPT_NAME","SERVER_NAME","SERVER_PORT","SERVER_PORT_SECURE","SERVER_PROTOCOL","SERVER_SOFTWARE","URL","HTTP_CACHE_CONTROL","HTTP_CONNECTION","HTTP_CONTENT_LENGTH","HTTP_CONTENT_TYPE","HTTP_ACCEPT","HTTP_ACCEPT_ENCODING","HTTP_ACCEPT_LANGUAGE","HTTP_COOKIE","HTTP_HOST","HTTP_REFERER","HTTP_USER_AGENT","HTTP_X_REQUESTED_WITH"]

Oracle.ManagedDataAccess.Client.OracleException (0x80004005): ORA-12570: 网络会话: 意外的数据包读取错误 ---> OracleInternal.Network.NetworkException (0x80004005): ORA-12570: 网络会话: 意外的数据包读取错误 ---> System.Net.Sockets.SocketException (0x80004005): 由于连接方在一段时间后没有正确答复或连接的主机没有反应，连接尝试失败。
   在 System.Net.Sockets.Socket.Receive(Byte[] buffer, Int32 offset, Int32 size, SocketFlags socketFlags)
   在 OracleInternal.Network.ReaderStream.Read(OraBuf OB)
   在 OracleInternal.Network.ReaderStream.Read(OraBuf OB)
   在 OracleInternal.TTC.OraBufReader.GetDataFromNetwork()
   在 OracleInternal.TTC.OraBufReader.Read(Boolean bIgnoreData)
   在 OracleInternal.TTC.MarshallingEngine.UnmarshalUB1(Boolean bIgnoreData)
   在 OracleInternal.TTC.TTCExecuteSql.ReceiveExecuteResponse(Accessor[]& defineAccessors, Accessor[] bindAccessors, Boolean bHasReturningParams, SQLMetaData& sqlMetaData, SqlStatementType statementType, Int64 noOfRowsFetchedLastTime, Int32 noOfRowsToFetch, Int32& noOfRowsFetched, Int64& queryId, Int32 longFetchSize, Int64 initialLOBFetchSize, Int64[] scnFromExecution, Boolean bAllInputBinds, Int32 arrayBindCount, DataUnmarshaller& dataUnmarshaller, MarshalBindParameterValueHelper& marshalBindParamsHelper, Int64[]& rowsAffectedByArrayBind, Boolean bDefineDone, Boolean& bMoreThanOneRowAffectedByDmlWithRetClause, List`1& implicitRSList, Boolean bLOBArrayFetchRequired)
   在 Oracle.ManagedDataAccess.Client.OracleException.HandleError(OracleTraceLevel level, OracleTraceTag tag, OracleTraceClassName className, OracleTraceFuncName funcName, Exception ex, OracleLogicalTransaction oracleLogicalTransaction)
   在 OracleInternal.TTC.TTCExecuteSql.ReceiveExecuteResponse(Accessor[]& defineAccessors, Accessor[] bindAccessors, Boolean bHasReturningParams, SQLMetaData& sqlMetaData, SqlStatementType statementType, Int64 noOfRowsFetchedLastTime, Int32 noOfRowsToFetch, Int32& noOfRowsFetched, Int64& queryId, Int32 longFetchSize, Int64 initialLOBFetchSize, Int64[] scnFromExecution, Boolean bAllInputBinds, Int32 arrayBindCount, DataUnmarshaller& dataUnmarshaller, MarshalBindParameterValueHelper& marshalBindParamsHelper, Int64[]& rowsAffectedByArrayBind, Boolean bDefineDone, Boolean& bMoreThanOneRowAffectedByDmlWithRetClause, List`1& implicitRSList, Boolean bLOBArrayFetchRequired)
   在 OracleInternal.ServiceObjects.OracleCommandImpl.ExecuteReader(String commandText, OracleParameterCollection paramColl, CommandType commandType, OracleConnectionImpl connectionImpl, OracleDataReaderImpl& rdrImpl, Int32 longFetchSize, Int64 clientInitialLOBFS, OracleDependencyImpl orclDependencyImpl, Int64[] scnForExecution, Int64[]& scnFromExecution, OracleParameterCollection& bindByPositionParamColl, Boolean& bBindParamPresent, Int64& internalInitialLOBFS, OracleException& exceptionForArrayBindDML, OracleConnection connection, OracleLogicalTransaction& oracleLogicalTransaction, IEnumerable`1 adrianParsedStmt, Boolean isDescribeOnly, Boolean isFromEF)
   在 Oracle.ManagedDataAccess.Client.OracleCommand.ExecuteReader(Boolean requery, Boolean fillRequest, CommandBehavior behavior)
   在 Oracle.ManagedDataAccess.Client.OracleCommand.ExecuteReader()
   在 Oracle.ManagedDataAccess.Client.OracleCommand.ExecuteScalar()
   在 QzMisBocHangZhou.DAL.DbContext`1.<>c__8`1.<ExecuteScalar>b__8_0(DbCommand command) 位置 E:\01 Project\05 ZH Project\02 Code\QzMisBocHangZhou\QzMisBocHangZhou.DAL\DataAccess\DbContext.cs:行号 100
   在 QzMisBocHangZhou.DAL.DbContext`1.ExecuteDb[TResult](DbCommand command, String commandText, Func`2 execFunc, DbParameter[] parms) 位置 E:\01 Project\05 ZH Project\02 Code\QzMisBocHangZhou\QzMisBocHangZhou.DAL\DataAccess\DbContext.cs:行号 291
   在 QzMisBocHangZhou.DAL.DbContext`1.ExecuteDb[TResult](String commandText, CommandType cmdType, Func`2 execFunc, DbParameter[] parms) 位置 E:\01 Project\05 ZH Project\02 Code\QzMisBocHangZhou\QzMisBocHangZhou.DAL\DataAccess\DbContext.cs:行号 276
   在 QzMisBocHangZhou.DAL.DbContext`1.ExecuteScalar[TResult](String commandText, CommandType cmdType, DbParameter[] parms) 位置 E:\01 Project\05 ZH Project\02 Code\QzMisBocHangZhou\QzMisBocHangZhou.DAL\DataAccess\DbContext.cs:行号 97
   在 QzMisBocHangZhou.DAL.DbContext`1.ExecuteScalar[TResult](String commandText, DbParameter[] parms) 位置 E:\01 Project\05 ZH Project\02 Code\QzMisBocHangZhou\QzMisBocHangZhou.DAL\DataAccess\DbContext.cs:行号 91
   在 QzMisBocHangZhou.DAL.DbContext`1.GetRecordCount(String commandText, DbParameter[] parms) 位置 E:\01 Project\05 ZH Project\02 Code\QzMisBocHangZhou\QzMisBocHangZhou.DAL\DataAccess\DbContext.cs:行号 218
   在 QzMisBocHangZhou.DAL.ArchiveSettleInfoDAL.GetPreSettle(Int32 page, Int32 limit, String orgId, String keyWords) 位置 E:\01 Project\05 ZH Project\02 Code\QzMisBocHangZhou\QzMisBocHangZhou.DAL\ArchiveSettleInfoDAL.cs:行号 49
   在 QzMisBocHangZhou.Biz.ArchiveSettleInfoBiz.GetPreSettle(Int32 page, Int32 limit, String orgId, String keyWords) 位置 E:\01 Project\05 ZH Project\02 Code\QzMisBocHangZhou\QzMisBocHangZhou.Biz\ArchiveSettleInfoBiz.cs:行号 17
   在 QzMisBocHangZhou.Web.Controllers.SettleController.GetPreSettle(Int32 page, Int32 limit, String orgId, String keywords) 位置 E:\01 Project\05 ZH Project\02 Code\QzMisBocHangZhou\QzMisBocHangZhou.Web\Controllers\SettleController.cs:行号 102
   在 lambda_method(Closure , ControllerBase , Object[] )
   在 System.Web.Mvc.ActionMethodDispatcher.Execute(ControllerBase controller, Object[] parameters)
   在 System.Web.Mvc.ReflectedActionDescriptor.Execute(ControllerContext controllerContext, IDictionary`2 parameters)
   在 System.Web.Mvc.ControllerActionInvoker.InvokeActionMethod(ControllerContext controllerContext, ActionDescriptor actionDescriptor, IDictionary`2 parameters)
   在 System.Web.Mvc.Async.AsyncControllerActionInvoker.<>c.<BeginInvokeSynchronousActionMethod>b__9_0(IAsyncResult asyncResult, ActionInvocation innerInvokeState)
   在 System.Web.Mvc.Async.AsyncResultWrapper.WrappedAsyncResult`2.CallEndDelegate(IAsyncResult asyncResult)
   在 System.Web.Mvc.Async.AsyncResultWrapper.WrappedAsyncResultBase`1.End()
   在 System.Web.Mvc.Async.AsyncControllerActionInvoker.EndInvokeActionMethod(IAsyncResult asyncResult)
   在 System.Web.Mvc.Async.AsyncControllerActionInvoker.AsyncInvocationWithFilters.<>c__DisplayClass11_0.<InvokeActionMethodFilterAsynchronouslyRecursive>b__0()
   在 System.Web.Mvc.Async.AsyncControllerActionInvoker.AsyncInvocationWithFilters.<>c__DisplayClass11_2.<InvokeActionMethodFilterAsynchronouslyRecursive>b__2()
   在 System.Web.Mvc.Async.AsyncControllerActionInvoker.<>c__DisplayClass7_0.<BeginInvokeActionMethodWithFilters>b__1(IAsyncResult asyncResult)
   在 System.Web.Mvc.Async.AsyncResultWrapper.WrappedAsyncResult`1.CallEndDelegate(IAsyncResult asyncResult)
   在 System.Web.Mvc.Async.AsyncResultWrapper.WrappedAsyncResultBase`1.End()
   在 System.Web.Mvc.Async.AsyncControllerActionInvoker.EndInvokeActionMethodWithFilters(IAsyncResult asyncResult)
   在 System.Web.Mvc.Async.AsyncControllerActionInvoker.<>c__DisplayClass3_6.<BeginInvokeAction>b__4()
   在 System.Web.Mvc.Async.AsyncControllerActionInvoker.<>c__DisplayClass3_1.<BeginInvokeAction>b__1(IAsyncResult asyncResult)

2020-04-02 21:45:46,087 [85] ERROR ErrorLog 
调用: /Transfer/TransferEditView
调用参数: ["Id","Status","LabelCode","LoanAccount","QuotaNo","Borrower","MortgageDetailsInfo","OrgId","ProductCode","LoanAmount","GuaranteeCrdNo","Transactor","LoanReleaseDate","MortgageValue","TPContractNo","CustomerNo","AccountManager","TPGuaranteeNo","TPArchiveNo","ASP.NET_SessionId","ALL_HTTP","ALL_RAW","APPL_MD_PATH","APPL_PHYSICAL_PATH","AUTH_TYPE","AUTH_USER","AUTH_PASSWORD","LOGON_USER","REMOTE_USER","CERT_COOKIE","CERT_FLAGS","CERT_ISSUER","CERT_KEYSIZE","CERT_SECRETKEYSIZE","CERT_SERIALNUMBER","CERT_SERVER_ISSUER","CERT_SERVER_SUBJECT","CERT_SUBJECT","CONTENT_LENGTH","CONTENT_TYPE","GATEWAY_INTERFACE","HTTPS","HTTPS_KEYSIZE","HTTPS_SECRETKEYSIZE","HTTPS_SERVER_ISSUER","HTTPS_SERVER_SUBJECT","INSTANCE_ID","INSTANCE_META_PATH","LOCAL_ADDR","PATH_INFO","PATH_TRANSLATED","QUERY_STRING","REMOTE_ADDR","REMOTE_HOST","REMOTE_PORT","REQUEST_METHOD","SCRIPT_NAME","SERVER_NAME","SERVER_PORT","SERVER_PORT_SECURE","SERVER_PROTOCOL","SERVER_SOFTWARE","URL","HTTP_CONNECTION","HTTP_ACCEPT","HTTP_ACCEPT_ENCODING","HTTP_ACCEPT_LANGUAGE","HTTP_COOKIE","HTTP_HOST","HTTP_REFERER","HTTP_USER_AGENT"]

Oracle.ManagedDataAccess.Client.OracleException (0x80004005): ORA-03135: 连接失去联系 ---> OracleInternal.Network.NetworkException (0x80004005): ORA-03135: 连接失去联系 ---> System.Net.Sockets.SocketException (0x80004005): 远程主机强迫关闭了一个现有的连接。
   在 System.Net.Sockets.Socket.Receive(Byte[] buffer, Int32 offset, Int32 size, SocketFlags socketFlags)
   在 OracleInternal.Network.ReaderStream.Read(OraBuf OB)
   在 OracleInternal.Network.ReaderStream.Read(OraBuf OB)
   在 OracleInternal.TTC.OraBufReader.GetDataFromNetwork()
   在 OracleInternal.TTC.OraBufReader.Read(Boolean bIgnoreData)
   在 OracleInternal.TTC.MarshallingEngine.UnmarshalUB1(Boolean bIgnoreData)
   在 OracleInternal.TTC.TTCExecuteSql.ReceiveExecuteResponse(Accessor[]& defineAccessors, Accessor[] bindAccessors, Boolean bHasReturningParams, SQLMetaData& sqlMetaData, SqlStatementType statementType, Int64 noOfRowsFetchedLastTime, Int32 noOfRowsToFetch, Int32& noOfRowsFetched, Int64& queryId, Int32 longFetchSize, Int64 initialLOBFetchSize, Int64[] scnFromExecution, Boolean bAllInputBinds, Int32 arrayBindCount, DataUnmarshaller& dataUnmarshaller, MarshalBindParameterValueHelper& marshalBindParamsHelper, Int64[]& rowsAffectedByArrayBind, Boolean bDefineDone, Boolean& bMoreThanOneRowAffectedByDmlWithRetClause, List`1& implicitRSList, Boolean bLOBArrayFetchRequired)
   在 Oracle.ManagedDataAccess.Client.OracleException.HandleError(OracleTraceLevel level, OracleTraceTag tag, OracleTraceClassName className, OracleTraceFuncName funcName, Exception ex, OracleLogicalTransaction oracleLogicalTransaction)
   在 OracleInternal.TTC.TTCExecuteSql.ReceiveExecuteResponse(Accessor[]& defineAccessors, Accessor[] bindAccessors, Boolean bHasReturningParams, SQLMetaData& sqlMetaData, SqlStatementType statementType, Int64 noOfRowsFetchedLastTime, Int32 noOfRowsToFetch, Int32& noOfRowsFetched, Int64& queryId, Int32 longFetchSize, Int64 initialLOBFetchSize, Int64[] scnFromExecution, Boolean bAllInputBinds, Int32 arrayBindCount, DataUnmarshaller& dataUnmarshaller, MarshalBindParameterValueHelper& marshalBindParamsHelper, Int64[]& rowsAffectedByArrayBind, Boolean bDefineDone, Boolean& bMoreThanOneRowAffectedByDmlWithRetClause, List`1& implicitRSList, Boolean bLOBArrayFetchRequired)
   在 OracleInternal.ServiceObjects.OracleCommandImpl.ExecuteReader(String commandText, OracleParameterCollection paramColl, CommandType commandType, OracleConnectionImpl connectionImpl, OracleDataReaderImpl& rdrImpl, Int32 longFetchSize, Int64 clientInitialLOBFS, OracleDependencyImpl orclDependencyImpl, Int64[] scnForExecution, Int64[]& scnFromExecution, OracleParameterCollection& bindByPositionParamColl, Boolean& bBindParamPresent, Int64& internalInitialLOBFS, OracleException& exceptionForArrayBindDML, OracleConnection connection, OracleLogicalTransaction& oracleLogicalTransaction, IEnumerable`1 adrianParsedStmt, Boolean isDescribeOnly, Boolean isFromEF)
   在 Oracle.ManagedDataAccess.Client.OracleCommand.ExecuteReader(Boolean requery, Boolean fillRequest, CommandBehavior behavior)
   在 Oracle.ManagedDataAccess.Client.OracleCommand.ExecuteDbDataReader(CommandBehavior behavior)
   在 System.Data.Common.DbCommand.ExecuteReader()
   在 QzMisBocHangZhou.DAL.DbContext`1.<>c__16`1.<ExecuteEntityList>b__16_0(DbCommand command) 位置 E:\01 Project\05 ZH Project\02 Code\QzMisBocHangZhou\QzMisBocHangZhou.DAL\DataAccess\DbContext.cs:行号 183
   在 QzMisBocHangZhou.DAL.DbContext`1.ExecuteDb[TResult](DbCommand command, String commandText, Func`2 execFunc, DbParameter[] parms) 位置 E:\01 Project\05 ZH Project\02 Code\QzMisBocHangZhou\QzMisBocHangZhou.DAL\DataAccess\DbContext.cs:行号 291
   在 QzMisBocHangZhou.DAL.DbContext`1.ExecuteDb[TResult](String commandText, CommandType cmdType, Func`2 execFunc, DbParameter[] parms) 位置 E:\01 Project\05 ZH Project\02 Code\QzMisBocHangZhou\QzMisBocHangZhou.DAL\DataAccess\DbContext.cs:行号 276
   在 QzMisBocHangZhou.DAL.DbContext`1.ExecuteEntityList[TResult](String commandText, CommandType cmdType, DbParameter[] parms) 位置 E:\01 Project\05 ZH Project\02 Code\QzMisBocHangZhou\QzMisBocHangZhou.DAL\DataAccess\DbContext.cs:行号 180
   在 QzMisBocHangZhou.DAL.DbContext`1.ExecuteEntity[TResult](String commandText, DbParameter[] parms) 位置 E:\01 Project\05 ZH Project\02 Code\QzMisBocHangZhou\QzMisBocHangZhou.DAL\DataAccess\DbContext.cs:行号 169
   在 QzMisBocHangZhou.DAL.ArchiveInfoDAL.Get(String id) 位置 E:\01 Project\05 ZH Project\02 Code\QzMisBocHangZhou\QzMisBocHangZhou.DAL\ArchiveInfoDAL.cs:行号 24
   在 QzMisBocHangZhou.Biz.ArchiveInfoBiz.Get(String id) 位置 E:\01 Project\05 ZH Project\02 Code\QzMisBocHangZhou\QzMisBocHangZhou.Biz\ArchiveInfoBiz.cs:行号 21
   在 QzMisBocHangZhou.Web.Controllers.TransferController.TransferEditView(String id) 位置 E:\01 Project\05 ZH Project\02 Code\QzMisBocHangZhou\QzMisBocHangZhou.Web\Controllers\TransferController.cs:行号 26
   在 lambda_method(Closure , ControllerBase , Object[] )
   在 System.Web.Mvc.ActionMethodDispatcher.Execute(ControllerBase controller, Object[] parameters)
   在 System.Web.Mvc.ReflectedActionDescriptor.Execute(ControllerContext controllerContext, IDictionary`2 parameters)
   在 System.Web.Mvc.ControllerActionInvoker.InvokeActionMethod(ControllerContext controllerContext, ActionDescriptor actionDescriptor, IDictionary`2 parameters)
   在 System.Web.Mvc.Async.AsyncControllerActionInvoker.<>c.<BeginInvokeSynchronousActionMethod>b__9_0(IAsyncResult asyncResult, ActionInvocation innerInvokeState)
   在 System.Web.Mvc.Async.AsyncResultWrapper.WrappedAsyncResult`2.CallEndDelegate(IAsyncResult asyncResult)
   在 System.Web.Mvc.Async.AsyncResultWrapper.WrappedAsyncResultBase`1.End()
   在 System.Web.Mvc.Async.AsyncControllerActionInvoker.EndInvokeActionMethod(IAsyncResult asyncResult)
   在 System.Web.Mvc.Async.AsyncControllerActionInvoker.AsyncInvocationWithFilters.<>c__DisplayClass11_0.<InvokeActionMethodFilterAsynchronouslyRecursive>b__0()
   在 System.Web.Mvc.Async.AsyncControllerActionInvoker.AsyncInvocationWithFilters.<>c__DisplayClass11_2.<InvokeActionMethodFilterAsynchronouslyRecursive>b__2()
   在 System.Web.Mvc.Async.AsyncControllerActionInvoker.<>c__DisplayClass7_0.<BeginInvokeActionMethodWithFilters>b__1(IAsyncResult asyncResult)
   在 System.Web.Mvc.Async.AsyncResultWrapper.WrappedAsyncResult`1.CallEndDelegate(IAsyncResult asyncResult)
   在 System.Web.Mvc.Async.AsyncResultWrapper.WrappedAsyncResultBase`1.End()
   在 System.Web.Mvc.Async.AsyncControllerActionInvoker.EndInvokeActionMethodWithFilters(IAsyncResult asyncResult)
   在 System.Web.Mvc.Async.AsyncControllerActionInvoker.<>c__DisplayClass3_6.<BeginInvokeAction>b__4()
   在 System.Web.Mvc.Async.AsyncControllerActionInvoker.<>c__DisplayClass3_1.<BeginInvokeAction>b__1(IAsyncResult asyncResult)
