
2020-04-29 22:31:36,393 [5] ERROR ErrorLog 
调用: /Settle/ListView
调用参数: ["tabname","ASP.NET_SessionId","ALL_HTTP","ALL_RAW","APPL_MD_PATH","APPL_PHYSICAL_PATH","AUTH_TYPE","AUTH_USER","AUTH_PASSWORD","LOGON_USER","REMOTE_USER","CERT_COOKIE","CERT_FLAGS","CERT_ISSUER","CERT_KEYSIZE","CERT_SECRETKEYSIZE","CERT_SERIALNUMBER","CERT_SERVER_ISSUER","CERT_SERVER_SUBJECT","CERT_SUBJECT","CONTENT_LENGTH","CONTENT_TYPE","GATEWAY_INTERFACE","HTTPS","HTTPS_KEYSIZE","HTTPS_SECRETKEYSIZE","HTTPS_SERVER_ISSUER","HTTPS_SERVER_SUBJECT","INSTANCE_ID","INSTANCE_META_PATH","LOCAL_ADDR","PATH_INFO","PATH_TRANSLATED","QUERY_STRING","REMOTE_ADDR","REMOTE_HOST","REMOTE_PORT","REQUEST_METHOD","SCRIPT_NAME","SERVER_NAME","SERVER_PORT","SERVER_PORT_SECURE","SERVER_PROTOCOL","SERVER_SOFTWARE","URL","HTTP_CONNECTION","HTTP_ACCEPT","HTTP_ACCEPT_ENCODING","HTTP_ACCEPT_LANGUAGE","HTTP_COOKIE","HTTP_HOST","HTTP_REFERER","HTTP_USER_AGENT","HTTP_UPGRADE_INSECURE_REQUESTS","HTTP_SEC_FETCH_SITE","HTTP_SEC_FETCH_MODE","HTTP_SEC_FETCH_DEST"]

Microsoft.CSharp.RuntimeBinder.RuntimeBinderException: “object”未包含“User”的定义
   在 CallSite.Target(Closure , CallSite , Object )
   在 System.Dynamic.UpdateDelegates.UpdateAndExecute1[T0,TRet](CallSite site, T0 arg0)
   在 ASP._Page_Views_Settle_ListView_cshtml.Execute() 位置 E:\01 Project\05 ZH Project\02 Code\QzMisBocHangZhou\QzMisBocHangZhou.Web\Views\Settle\ListView.cshtml:行号 131
   在 System.Web.WebPages.WebPageBase.ExecutePageHierarchy()
   在 System.Web.Mvc.WebViewPage.ExecutePageHierarchy()
   在 System.Web.WebPages.StartPage.RunPage()
   在 System.Web.WebPages.StartPage.ExecutePageHierarchy()
   在 System.Web.WebPages.WebPageBase.ExecutePageHierarchy(WebPageContext pageContext, TextWriter writer, WebPageRenderingBase startPage)
   在 System.Web.Mvc.RazorView.RenderView(ViewContext viewContext, TextWriter writer, Object instance)
   在 System.Web.Mvc.BuildManagerCompiledView.Render(ViewContext viewContext, TextWriter writer)
   在 System.Web.Mvc.ViewResultBase.ExecuteResult(ControllerContext context)
   在 System.Web.Mvc.ControllerActionInvoker.InvokeActionResult(ControllerContext controllerContext, ActionResult actionResult)
   在 System.Web.Mvc.ControllerActionInvoker.InvokeActionResultFilterRecursive(IList`1 filters, Int32 filterIndex, ResultExecutingContext preContext, ControllerContext controllerContext, ActionResult actionResult)
   在 System.Web.Mvc.ControllerActionInvoker.InvokeActionResultFilterRecursive(IList`1 filters, Int32 filterIndex, ResultExecutingContext preContext, ControllerContext controllerContext, ActionResult actionResult)
   在 System.Web.Mvc.ControllerActionInvoker.InvokeActionResultWithFilters(ControllerContext controllerContext, IList`1 filters, ActionResult actionResult)
   在 System.Web.Mvc.Async.AsyncControllerActionInvoker.<>c__DisplayClass3_6.<BeginInvokeAction>b__4()
   在 System.Web.Mvc.Async.AsyncControllerActionInvoker.<>c__DisplayClass3_1.<BeginInvokeAction>b__1(IAsyncResult asyncResult)

2020-04-29 22:31:36,393 [6] ERROR ErrorLog 
调用: /Settle/ListView
调用参数: ["tabname","ASP.NET_SessionId","ALL_HTTP","ALL_RAW","APPL_MD_PATH","APPL_PHYSICAL_PATH","AUTH_TYPE","AUTH_USER","AUTH_PASSWORD","LOGON_USER","REMOTE_USER","CERT_COOKIE","CERT_FLAGS","CERT_ISSUER","CERT_KEYSIZE","CERT_SECRETKEYSIZE","CERT_SERIALNUMBER","CERT_SERVER_ISSUER","CERT_SERVER_SUBJECT","CERT_SUBJECT","CONTENT_LENGTH","CONTENT_TYPE","GATEWAY_INTERFACE","HTTPS","HTTPS_KEYSIZE","HTTPS_SECRETKEYSIZE","HTTPS_SERVER_ISSUER","HTTPS_SERVER_SUBJECT","INSTANCE_ID","INSTANCE_META_PATH","LOCAL_ADDR","PATH_INFO","PATH_TRANSLATED","QUERY_STRING","REMOTE_ADDR","REMOTE_HOST","REMOTE_PORT","REQUEST_METHOD","SCRIPT_NAME","SERVER_NAME","SERVER_PORT","SERVER_PORT_SECURE","SERVER_PROTOCOL","SERVER_SOFTWARE","URL","HTTP_CONNECTION","HTTP_ACCEPT","HTTP_ACCEPT_ENCODING","HTTP_ACCEPT_LANGUAGE","HTTP_COOKIE","HTTP_HOST","HTTP_REFERER","HTTP_USER_AGENT","HTTP_UPGRADE_INSECURE_REQUESTS","HTTP_SEC_FETCH_SITE","HTTP_SEC_FETCH_MODE","HTTP_SEC_FETCH_DEST"]

Microsoft.CSharp.RuntimeBinder.RuntimeBinderException: “object”未包含“User”的定义
   在 CallSite.Target(Closure , CallSite , Object )
   在 ASP._Page_Views_Settle_ListView_cshtml.Execute() 位置 E:\01 Project\05 ZH Project\02 Code\QzMisBocHangZhou\QzMisBocHangZhou.Web\Views\Settle\ListView.cshtml:行号 131
   在 System.Web.WebPages.WebPageBase.ExecutePageHierarchy()
   在 System.Web.Mvc.WebViewPage.ExecutePageHierarchy()
   在 System.Web.WebPages.StartPage.RunPage()
   在 System.Web.WebPages.StartPage.ExecutePageHierarchy()
   在 System.Web.WebPages.WebPageBase.ExecutePageHierarchy(WebPageContext pageContext, TextWriter writer, WebPageRenderingBase startPage)
   在 System.Web.Mvc.RazorView.RenderView(ViewContext viewContext, TextWriter writer, Object instance)
   在 System.Web.Mvc.BuildManagerCompiledView.Render(ViewContext viewContext, TextWriter writer)
   在 System.Web.Mvc.ViewResultBase.ExecuteResult(ControllerContext context)
   在 System.Web.Mvc.ControllerActionInvoker.InvokeActionResult(ControllerContext controllerContext, ActionResult actionResult)
   在 System.Web.Mvc.ControllerActionInvoker.InvokeActionResultFilterRecursive(IList`1 filters, Int32 filterIndex, ResultExecutingContext preContext, ControllerContext controllerContext, ActionResult actionResult)
   在 System.Web.Mvc.ControllerActionInvoker.InvokeActionResultFilterRecursive(IList`1 filters, Int32 filterIndex, ResultExecutingContext preContext, ControllerContext controllerContext, ActionResult actionResult)
   在 System.Web.Mvc.ControllerActionInvoker.InvokeActionResultWithFilters(ControllerContext controllerContext, IList`1 filters, ActionResult actionResult)
   在 System.Web.Mvc.Async.AsyncControllerActionInvoker.<>c__DisplayClass3_6.<BeginInvokeAction>b__4()
   在 System.Web.Mvc.Async.AsyncControllerActionInvoker.<>c__DisplayClass3_1.<BeginInvokeAction>b__1(IAsyncResult asyncResult)

2020-04-29 22:35:28,338 [5] ERROR ErrorLog 
调用: /Settle/ListView
调用参数: ["tabname","ASP.NET_SessionId","ALL_HTTP","ALL_RAW","APPL_MD_PATH","APPL_PHYSICAL_PATH","AUTH_TYPE","AUTH_USER","AUTH_PASSWORD","LOGON_USER","REMOTE_USER","CERT_COOKIE","CERT_FLAGS","CERT_ISSUER","CERT_KEYSIZE","CERT_SECRETKEYSIZE","CERT_SERIALNUMBER","CERT_SERVER_ISSUER","CERT_SERVER_SUBJECT","CERT_SUBJECT","CONTENT_LENGTH","CONTENT_TYPE","GATEWAY_INTERFACE","HTTPS","HTTPS_KEYSIZE","HTTPS_SECRETKEYSIZE","HTTPS_SERVER_ISSUER","HTTPS_SERVER_SUBJECT","INSTANCE_ID","INSTANCE_META_PATH","LOCAL_ADDR","PATH_INFO","PATH_TRANSLATED","QUERY_STRING","REMOTE_ADDR","REMOTE_HOST","REMOTE_PORT","REQUEST_METHOD","SCRIPT_NAME","SERVER_NAME","SERVER_PORT","SERVER_PORT_SECURE","SERVER_PROTOCOL","SERVER_SOFTWARE","URL","HTTP_CONNECTION","HTTP_ACCEPT","HTTP_ACCEPT_ENCODING","HTTP_ACCEPT_LANGUAGE","HTTP_COOKIE","HTTP_HOST","HTTP_REFERER","HTTP_USER_AGENT","HTTP_UPGRADE_INSECURE_REQUESTS","HTTP_SEC_FETCH_SITE","HTTP_SEC_FETCH_MODE","HTTP_SEC_FETCH_DEST"]

System.InvalidOperationException: 传入字典的模型项的类型为“<>f__AnonymousType5`2[System.String,QzMisBocHangZhou.Model.UserListViewModel]”，但此字典需要类型“QzMisBocHangZhou.Model.UserInfo”的模型项。
   在 System.Web.Mvc.ViewDataDictionary`1.SetModel(Object value)
   在 System.Web.Mvc.ViewDataDictionary..ctor(ViewDataDictionary dictionary)
   在 System.Web.Mvc.WebViewPage`1.SetViewData(ViewDataDictionary viewData)
   在 System.Web.Mvc.RazorView.RenderView(ViewContext viewContext, TextWriter writer, Object instance)
   在 System.Web.Mvc.BuildManagerCompiledView.Render(ViewContext viewContext, TextWriter writer)
   在 System.Web.Mvc.ViewResultBase.ExecuteResult(ControllerContext context)
   在 System.Web.Mvc.ControllerActionInvoker.InvokeActionResult(ControllerContext controllerContext, ActionResult actionResult)
   在 System.Web.Mvc.ControllerActionInvoker.InvokeActionResultFilterRecursive(IList`1 filters, Int32 filterIndex, ResultExecutingContext preContext, ControllerContext controllerContext, ActionResult actionResult)
   在 System.Web.Mvc.ControllerActionInvoker.InvokeActionResultFilterRecursive(IList`1 filters, Int32 filterIndex, ResultExecutingContext preContext, ControllerContext controllerContext, ActionResult actionResult)
   在 System.Web.Mvc.ControllerActionInvoker.InvokeActionResultWithFilters(ControllerContext controllerContext, IList`1 filters, ActionResult actionResult)
   在 System.Web.Mvc.Async.AsyncControllerActionInvoker.<>c__DisplayClass3_6.<BeginInvokeAction>b__4()
   在 System.Web.Mvc.Async.AsyncControllerActionInvoker.<>c__DisplayClass3_1.<BeginInvokeAction>b__1(IAsyncResult asyncResult)
