
2019-09-18 02:34:44,160 [7] ERROR ErrorLog 
调用: /PrintLabel/GetPrintInfo
调用参数: ["RowsPerPage","RememberName","ASP.NET_SessionId","ALL_HTTP","ALL_RAW","APPL_MD_PATH","APPL_PHYSICAL_PATH","AUTH_TYPE","AUTH_USER","AUTH_PASSWORD","LOGON_USER","REMOTE_USER","CERT_COOKIE","CERT_FLAGS","CERT_ISSUER","CERT_KEYSIZE","CERT_SECRETKEYSIZE","CERT_SERIALNUMBER","CERT_SERVER_ISSUER","CERT_SERVER_SUBJECT","CERT_SUBJECT","CONTENT_LENGTH","CONTENT_TYPE","GATEWAY_INTERFACE","HTTPS","HTTPS_KEYSIZE","HTTPS_SECRETKEYSIZE","HTTPS_SERVER_ISSUER","HTTPS_SERVER_SUBJECT","INSTANCE_ID","INSTANCE_META_PATH","LOCAL_ADDR","PATH_INFO","PATH_TRANSLATED","QUERY_STRING","REMOTE_ADDR","REMOTE_HOST","REMOTE_PORT","REQUEST_METHOD","SCRIPT_NAME","SERVER_NAME","SERVER_PORT","SERVER_PORT_SECURE","SERVER_PROTOCOL","SERVER_SOFTWARE","URL","HTTP_CONNECTION","HTTP_CONTENT_LENGTH","HTTP_CONTENT_TYPE","HTTP_ACCEPT","HTTP_ACCEPT_ENCODING","HTTP_ACCEPT_LANGUAGE","HTTP_COOKIE","HTTP_HOST","HTTP_REFERER","HTTP_USER_AGENT","HTTP_SEC_FETCH_MODE","HTTP_ORIGIN","HTTP_X_REQUESTED_WITH","HTTP_DNT","HTTP_SEC_FETCH_SITE"]

System.NullReferenceException: 未将对象引用设置到对象的实例。
   在 QzMisBocHangZhou.Biz.PrintLabelInfoBiz.GetPrintInfo(String labelNo) 位置 D:\My Project\QzMisBocHangZhou\QzMisBocHangZhou.Biz\PrintLabelInfoBiz.cs:行号 47
   在 QzMisBocHangZhou.Web.Controllers.PrintLabelController.GetPrintInfo(String labelNo) 位置 D:\My Project\QzMisBocHangZhou\QzMisBocHangZhou.Web\Controllers\PrintLabelController.cs:行号 40
   在 lambda_method(Closure , ControllerBase , Object[] )
   在 System.Web.Mvc.ControllerActionInvoker.InvokeActionMethod(ControllerContext controllerContext, ActionDescriptor actionDescriptor, IDictionary`2 parameters)
   在 System.Web.Mvc.Async.AsyncControllerActionInvoker.<>c.<BeginInvokeSynchronousActionMethod>b__9_0(IAsyncResult asyncResult, ActionInvocation innerInvokeState)
   在 System.Web.Mvc.Async.AsyncResultWrapper.WrappedAsyncResult`2.CallEndDelegate(IAsyncResult asyncResult)
   在 System.Web.Mvc.Async.AsyncControllerActionInvoker.EndInvokeActionMethod(IAsyncResult asyncResult)
   在 System.Web.Mvc.Async.AsyncControllerActionInvoker.AsyncInvocationWithFilters.<>c__DisplayClass11_0.<InvokeActionMethodFilterAsynchronouslyRecursive>b__0()
   在 System.Web.Mvc.Async.AsyncControllerActionInvoker.AsyncInvocationWithFilters.<>c__DisplayClass11_2.<InvokeActionMethodFilterAsynchronouslyRecursive>b__2()
   在 System.Web.Mvc.Async.AsyncControllerActionInvoker.EndInvokeActionMethodWithFilters(IAsyncResult asyncResult)
   在 System.Web.Mvc.Async.AsyncControllerActionInvoker.<>c__DisplayClass3_6.<BeginInvokeAction>b__4()
   在 System.Web.Mvc.Async.AsyncControllerActionInvoker.<>c__DisplayClass3_1.<BeginInvokeAction>b__1(IAsyncResult asyncResult)

2019-09-18 04:21:58,423 [85] ERROR ErrorLog 
调用: /Borrow/ShowView
调用参数: ["tId","RowsPerPage","RememberName","ASP.NET_SessionId","ALL_HTTP","ALL_RAW","APPL_MD_PATH","APPL_PHYSICAL_PATH","AUTH_TYPE","AUTH_USER","AUTH_PASSWORD","LOGON_USER","REMOTE_USER","CERT_COOKIE","CERT_FLAGS","CERT_ISSUER","CERT_KEYSIZE","CERT_SECRETKEYSIZE","CERT_SERIALNUMBER","CERT_SERVER_ISSUER","CERT_SERVER_SUBJECT","CERT_SUBJECT","CONTENT_LENGTH","CONTENT_TYPE","GATEWAY_INTERFACE","HTTPS","HTTPS_KEYSIZE","HTTPS_SECRETKEYSIZE","HTTPS_SERVER_ISSUER","HTTPS_SERVER_SUBJECT","INSTANCE_ID","INSTANCE_META_PATH","LOCAL_ADDR","PATH_INFO","PATH_TRANSLATED","QUERY_STRING","REMOTE_ADDR","REMOTE_HOST","REMOTE_PORT","REQUEST_METHOD","SCRIPT_NAME","SERVER_NAME","SERVER_PORT","SERVER_PORT_SECURE","SERVER_PROTOCOL","SERVER_SOFTWARE","URL","HTTP_CONNECTION","HTTP_ACCEPT","HTTP_ACCEPT_ENCODING","HTTP_ACCEPT_LANGUAGE","HTTP_COOKIE","HTTP_HOST","HTTP_REFERER","HTTP_USER_AGENT","HTTP_UPGRADE_INSECURE_REQUESTS","HTTP_DNT","HTTP_SEC_FETCH_MODE","HTTP_SEC_FETCH_SITE"]

System.NullReferenceException: 未将对象引用设置到对象的实例。
   在 ASP._Page_Views_Borrow_ShowView_cshtml.Execute() 位置 D:\My Project\QzMisBocHangZhou\QzMisBocHangZhou.Web\Views\Borrow\ShowView.cshtml:行号 26
   在 System.Web.WebPages.WebPageBase.ExecutePageHierarchy()
   在 System.Web.Mvc.WebViewPage.ExecutePageHierarchy()
   在 System.Web.WebPages.StartPage.ExecutePageHierarchy()
   在 System.Web.WebPages.WebPageBase.ExecutePageHierarchy(WebPageContext pageContext, TextWriter writer, WebPageRenderingBase startPage)
   在 System.Web.Mvc.ViewResultBase.ExecuteResult(ControllerContext context)
   在 System.Web.Mvc.ControllerActionInvoker.InvokeActionResultFilterRecursive(IList`1 filters, Int32 filterIndex, ResultExecutingContext preContext, ControllerContext controllerContext, ActionResult actionResult)
   在 System.Web.Mvc.ControllerActionInvoker.InvokeActionResultFilterRecursive(IList`1 filters, Int32 filterIndex, ResultExecutingContext preContext, ControllerContext controllerContext, ActionResult actionResult)
   在 System.Web.Mvc.ControllerActionInvoker.InvokeActionResultWithFilters(ControllerContext controllerContext, IList`1 filters, ActionResult actionResult)
   在 System.Web.Mvc.Async.AsyncControllerActionInvoker.<>c__DisplayClass3_1.<BeginInvokeAction>b__1(IAsyncResult asyncResult)

2019-09-18 04:21:58,423 [83] ERROR ErrorLog 
调用: /Borrow/ShowView
调用参数: ["tId","RowsPerPage","RememberName","ASP.NET_SessionId","ALL_HTTP","ALL_RAW","APPL_MD_PATH","APPL_PHYSICAL_PATH","AUTH_TYPE","AUTH_USER","AUTH_PASSWORD","LOGON_USER","REMOTE_USER","CERT_COOKIE","CERT_FLAGS","CERT_ISSUER","CERT_KEYSIZE","CERT_SECRETKEYSIZE","CERT_SERIALNUMBER","CERT_SERVER_ISSUER","CERT_SERVER_SUBJECT","CERT_SUBJECT","CONTENT_LENGTH","CONTENT_TYPE","GATEWAY_INTERFACE","HTTPS","HTTPS_KEYSIZE","HTTPS_SECRETKEYSIZE","HTTPS_SERVER_ISSUER","HTTPS_SERVER_SUBJECT","INSTANCE_ID","INSTANCE_META_PATH","LOCAL_ADDR","PATH_INFO","PATH_TRANSLATED","QUERY_STRING","REMOTE_ADDR","REMOTE_HOST","REMOTE_PORT","REQUEST_METHOD","SCRIPT_NAME","SERVER_NAME","SERVER_PORT","SERVER_PORT_SECURE","SERVER_PROTOCOL","SERVER_SOFTWARE","URL","HTTP_CONNECTION","HTTP_ACCEPT","HTTP_ACCEPT_ENCODING","HTTP_ACCEPT_LANGUAGE","HTTP_COOKIE","HTTP_HOST","HTTP_REFERER","HTTP_USER_AGENT","HTTP_UPGRADE_INSECURE_REQUESTS","HTTP_DNT","HTTP_SEC_FETCH_MODE","HTTP_SEC_FETCH_SITE"]

System.NullReferenceException: 未将对象引用设置到对象的实例。
   在 ASP._Page_Views_Borrow_ShowView_cshtml.Execute() 位置 D:\My Project\QzMisBocHangZhou\QzMisBocHangZhou.Web\Views\Borrow\ShowView.cshtml:行号 26
   在 System.Web.WebPages.WebPageBase.ExecutePageHierarchy()
   在 System.Web.Mvc.WebViewPage.ExecutePageHierarchy()
   在 System.Web.WebPages.StartPage.ExecutePageHierarchy()
   在 System.Web.WebPages.WebPageBase.ExecutePageHierarchy(WebPageContext pageContext, TextWriter writer, WebPageRenderingBase startPage)
   在 System.Web.Mvc.ViewResultBase.ExecuteResult(ControllerContext context)
   在 System.Web.Mvc.ControllerActionInvoker.InvokeActionResultFilterRecursive(IList`1 filters, Int32 filterIndex, ResultExecutingContext preContext, ControllerContext controllerContext, ActionResult actionResult)
   在 System.Web.Mvc.ControllerActionInvoker.InvokeActionResultFilterRecursive(IList`1 filters, Int32 filterIndex, ResultExecutingContext preContext, ControllerContext controllerContext, ActionResult actionResult)
   在 System.Web.Mvc.ControllerActionInvoker.InvokeActionResultWithFilters(ControllerContext controllerContext, IList`1 filters, ActionResult actionResult)
   在 System.Web.Mvc.Async.AsyncControllerActionInvoker.<>c__DisplayClass3_1.<BeginInvokeAction>b__1(IAsyncResult asyncResult)

2019-09-18 04:22:22,474 [85] ERROR ErrorLog 
调用: /Borrow/ReturnArchive
调用参数: ["RowsPerPage","RememberName","ASP.NET_SessionId","ALL_HTTP","ALL_RAW","APPL_MD_PATH","APPL_PHYSICAL_PATH","AUTH_TYPE","AUTH_USER","AUTH_PASSWORD","LOGON_USER","REMOTE_USER","CERT_COOKIE","CERT_FLAGS","CERT_ISSUER","CERT_KEYSIZE","CERT_SECRETKEYSIZE","CERT_SERIALNUMBER","CERT_SERVER_ISSUER","CERT_SERVER_SUBJECT","CERT_SUBJECT","CONTENT_LENGTH","CONTENT_TYPE","GATEWAY_INTERFACE","HTTPS","HTTPS_KEYSIZE","HTTPS_SECRETKEYSIZE","HTTPS_SERVER_ISSUER","HTTPS_SERVER_SUBJECT","INSTANCE_ID","INSTANCE_META_PATH","LOCAL_ADDR","PATH_INFO","PATH_TRANSLATED","QUERY_STRING","REMOTE_ADDR","REMOTE_HOST","REMOTE_PORT","REQUEST_METHOD","SCRIPT_NAME","SERVER_NAME","SERVER_PORT","SERVER_PORT_SECURE","SERVER_PROTOCOL","SERVER_SOFTWARE","URL","HTTP_CONNECTION","HTTP_CONTENT_LENGTH","HTTP_CONTENT_TYPE","HTTP_ACCEPT","HTTP_ACCEPT_ENCODING","HTTP_ACCEPT_LANGUAGE","HTTP_COOKIE","HTTP_HOST","HTTP_REFERER","HTTP_USER_AGENT","HTTP_SEC_FETCH_MODE","HTTP_ORIGIN","HTTP_X_REQUESTED_WITH","HTTP_DNT","HTTP_SEC_FETCH_SITE"]

System.ArgumentException: 值不在预期的范围内。
   在 Oracle.ManagedDataAccess.Client.OracleParameter.set_Value(Object value)
   在 QzMisBocHangZhou.DAL.DbContext`1.CreatDbParameter(String name, Object value, Nullable`1 type, Nullable`1 direction) 位置 D:\My Project\QzMisBocHangZhou\QzMisBocHangZhou.DAL\DataAccess\DbContext.cs:行号 253
   在 QzMisBocHangZhou.DAL.DbContext`1.CreatDbParameter(String name, Object value) 位置 D:\My Project\QzMisBocHangZhou\QzMisBocHangZhou.DAL\DataAccess\DbContext.cs:行号 231
   在 QzMisBocHangZhou.DAL.ArchiveBorrowInfoDAL.ChangeArchiveStatusBack(DbCommand cmd, String archiveId) 位置 D:\My Project\QzMisBocHangZhou\QzMisBocHangZhou.DAL\ArchiveBorrowInfoDAL.cs:行号 427
   在 QzMisBocHangZhou.DAL.ArchiveBorrowInfoDAL.<>c__DisplayClass24_0.<ReturnArchive>b__0(DbCommand cmd) 位置 D:\My Project\QzMisBocHangZhou\QzMisBocHangZhou.DAL\ArchiveBorrowInfoDAL.cs:行号 382
   在 QzMisBocHangZhou.DAL.DbContext`1.ExecuteNonQuery(Func`2 fun) 位置 D:\My Project\QzMisBocHangZhou\QzMisBocHangZhou.DAL\DataAccess\DbContext.cs:行号 78
   在 QzMisBocHangZhou.DAL.ArchiveBorrowInfoDAL.ReturnArchive(ArchiveBorrowDetails details) 位置 D:\My Project\QzMisBocHangZhou\QzMisBocHangZhou.DAL\ArchiveBorrowInfoDAL.cs:行号 378
   在 QzMisBocHangZhou.Biz.ArchiveBorrowInfoBiz.ReturnArchive(ArchiveBorrowDetails details) 位置 D:\My Project\QzMisBocHangZhou\QzMisBocHangZhou.Biz\ArchiveBorrowInfoBiz.cs:行号 186
   在 QzMisBocHangZhou.Web.Controllers.BorrowController.ReturnArchive(ArchiveBorrowDetails details) 位置 D:\My Project\QzMisBocHangZhou\QzMisBocHangZhou.Web\Controllers\BorrowController.cs:行号 181
   在 lambda_method(Closure , ControllerBase , Object[] )
   在 System.Web.Mvc.ControllerActionInvoker.InvokeActionMethod(ControllerContext controllerContext, ActionDescriptor actionDescriptor, IDictionary`2 parameters)
   在 System.Web.Mvc.Async.AsyncControllerActionInvoker.<>c.<BeginInvokeSynchronousActionMethod>b__9_0(IAsyncResult asyncResult, ActionInvocation innerInvokeState)
   在 System.Web.Mvc.Async.AsyncResultWrapper.WrappedAsyncResult`2.CallEndDelegate(IAsyncResult asyncResult)
   在 System.Web.Mvc.Async.AsyncControllerActionInvoker.EndInvokeActionMethod(IAsyncResult asyncResult)
   在 System.Web.Mvc.Async.AsyncControllerActionInvoker.AsyncInvocationWithFilters.<>c__DisplayClass11_0.<InvokeActionMethodFilterAsynchronouslyRecursive>b__0()
   在 System.Web.Mvc.Async.AsyncControllerActionInvoker.AsyncInvocationWithFilters.<>c__DisplayClass11_2.<InvokeActionMethodFilterAsynchronouslyRecursive>b__2()
   在 System.Web.Mvc.Async.AsyncControllerActionInvoker.EndInvokeActionMethodWithFilters(IAsyncResult asyncResult)
   在 System.Web.Mvc.Async.AsyncControllerActionInvoker.<>c__DisplayClass3_6.<BeginInvokeAction>b__4()
   在 System.Web.Mvc.Async.AsyncControllerActionInvoker.<>c__DisplayClass3_1.<BeginInvokeAction>b__1(IAsyncResult asyncResult)

2019-09-18 04:22:28,298 [79] ERROR ErrorLog 
调用: /Borrow/ReturnArchive
调用参数: ["RowsPerPage","RememberName","ASP.NET_SessionId","ALL_HTTP","ALL_RAW","APPL_MD_PATH","APPL_PHYSICAL_PATH","AUTH_TYPE","AUTH_USER","AUTH_PASSWORD","LOGON_USER","REMOTE_USER","CERT_COOKIE","CERT_FLAGS","CERT_ISSUER","CERT_KEYSIZE","CERT_SECRETKEYSIZE","CERT_SERIALNUMBER","CERT_SERVER_ISSUER","CERT_SERVER_SUBJECT","CERT_SUBJECT","CONTENT_LENGTH","CONTENT_TYPE","GATEWAY_INTERFACE","HTTPS","HTTPS_KEYSIZE","HTTPS_SECRETKEYSIZE","HTTPS_SERVER_ISSUER","HTTPS_SERVER_SUBJECT","INSTANCE_ID","INSTANCE_META_PATH","LOCAL_ADDR","PATH_INFO","PATH_TRANSLATED","QUERY_STRING","REMOTE_ADDR","REMOTE_HOST","REMOTE_PORT","REQUEST_METHOD","SCRIPT_NAME","SERVER_NAME","SERVER_PORT","SERVER_PORT_SECURE","SERVER_PROTOCOL","SERVER_SOFTWARE","URL","HTTP_CONNECTION","HTTP_CONTENT_LENGTH","HTTP_CONTENT_TYPE","HTTP_ACCEPT","HTTP_ACCEPT_ENCODING","HTTP_ACCEPT_LANGUAGE","HTTP_COOKIE","HTTP_HOST","HTTP_REFERER","HTTP_USER_AGENT","HTTP_SEC_FETCH_MODE","HTTP_ORIGIN","HTTP_X_REQUESTED_WITH","HTTP_DNT","HTTP_SEC_FETCH_SITE"]

System.ArgumentException: 值不在预期的范围内。
   在 Oracle.ManagedDataAccess.Client.OracleParameter.set_Value(Object value)
   在 QzMisBocHangZhou.DAL.DbContext`1.CreatDbParameter(String name, Object value, Nullable`1 type, Nullable`1 direction) 位置 D:\My Project\QzMisBocHangZhou\QzMisBocHangZhou.DAL\DataAccess\DbContext.cs:行号 253
   在 QzMisBocHangZhou.DAL.DbContext`1.CreatDbParameter(String name, Object value) 位置 D:\My Project\QzMisBocHangZhou\QzMisBocHangZhou.DAL\DataAccess\DbContext.cs:行号 231
   在 QzMisBocHangZhou.DAL.ArchiveBorrowInfoDAL.ChangeArchiveStatusBack(DbCommand cmd, String archiveId) 位置 D:\My Project\QzMisBocHangZhou\QzMisBocHangZhou.DAL\ArchiveBorrowInfoDAL.cs:行号 427
   在 QzMisBocHangZhou.DAL.ArchiveBorrowInfoDAL.<>c__DisplayClass24_0.<ReturnArchive>b__0(DbCommand cmd) 位置 D:\My Project\QzMisBocHangZhou\QzMisBocHangZhou.DAL\ArchiveBorrowInfoDAL.cs:行号 382
   在 QzMisBocHangZhou.DAL.DbContext`1.ExecuteNonQuery(Func`2 fun) 位置 D:\My Project\QzMisBocHangZhou\QzMisBocHangZhou.DAL\DataAccess\DbContext.cs:行号 78
   在 QzMisBocHangZhou.DAL.ArchiveBorrowInfoDAL.ReturnArchive(ArchiveBorrowDetails details) 位置 D:\My Project\QzMisBocHangZhou\QzMisBocHangZhou.DAL\ArchiveBorrowInfoDAL.cs:行号 378
   在 QzMisBocHangZhou.Biz.ArchiveBorrowInfoBiz.ReturnArchive(ArchiveBorrowDetails details) 位置 D:\My Project\QzMisBocHangZhou\QzMisBocHangZhou.Biz\ArchiveBorrowInfoBiz.cs:行号 186
   在 QzMisBocHangZhou.Web.Controllers.BorrowController.ReturnArchive(ArchiveBorrowDetails details) 位置 D:\My Project\QzMisBocHangZhou\QzMisBocHangZhou.Web\Controllers\BorrowController.cs:行号 181
   在 lambda_method(Closure , ControllerBase , Object[] )
   在 System.Web.Mvc.ControllerActionInvoker.InvokeActionMethod(ControllerContext controllerContext, ActionDescriptor actionDescriptor, IDictionary`2 parameters)
   在 System.Web.Mvc.Async.AsyncControllerActionInvoker.<>c.<BeginInvokeSynchronousActionMethod>b__9_0(IAsyncResult asyncResult, ActionInvocation innerInvokeState)
   在 System.Web.Mvc.Async.AsyncResultWrapper.WrappedAsyncResult`2.CallEndDelegate(IAsyncResult asyncResult)
   在 System.Web.Mvc.Async.AsyncControllerActionInvoker.EndInvokeActionMethod(IAsyncResult asyncResult)
   在 System.Web.Mvc.Async.AsyncControllerActionInvoker.AsyncInvocationWithFilters.<>c__DisplayClass11_0.<InvokeActionMethodFilterAsynchronouslyRecursive>b__0()
   在 System.Web.Mvc.Async.AsyncControllerActionInvoker.AsyncInvocationWithFilters.<>c__DisplayClass11_2.<InvokeActionMethodFilterAsynchronouslyRecursive>b__2()
   在 System.Web.Mvc.Async.AsyncControllerActionInvoker.EndInvokeActionMethodWithFilters(IAsyncResult asyncResult)
   在 System.Web.Mvc.Async.AsyncControllerActionInvoker.<>c__DisplayClass3_6.<BeginInvokeAction>b__4()
   在 System.Web.Mvc.Async.AsyncControllerActionInvoker.<>c__DisplayClass3_1.<BeginInvokeAction>b__1(IAsyncResult asyncResult)

2019-09-18 04:55:51,589 [76] ERROR ErrorLog 
调用: /Borrow/AppendArchiveView
调用参数: ["UsedBy","RowsPerPage","RememberName","ASP.NET_SessionId","ALL_HTTP","ALL_RAW","APPL_MD_PATH","APPL_PHYSICAL_PATH","AUTH_TYPE","AUTH_USER","AUTH_PASSWORD","LOGON_USER","REMOTE_USER","CERT_COOKIE","CERT_FLAGS","CERT_ISSUER","CERT_KEYSIZE","CERT_SECRETKEYSIZE","CERT_SERIALNUMBER","CERT_SERVER_ISSUER","CERT_SERVER_SUBJECT","CERT_SUBJECT","CONTENT_LENGTH","CONTENT_TYPE","GATEWAY_INTERFACE","HTTPS","HTTPS_KEYSIZE","HTTPS_SECRETKEYSIZE","HTTPS_SERVER_ISSUER","HTTPS_SERVER_SUBJECT","INSTANCE_ID","INSTANCE_META_PATH","LOCAL_ADDR","PATH_INFO","PATH_TRANSLATED","QUERY_STRING","REMOTE_ADDR","REMOTE_HOST","REMOTE_PORT","REQUEST_METHOD","SCRIPT_NAME","SERVER_NAME","SERVER_PORT","SERVER_PORT_SECURE","SERVER_PROTOCOL","SERVER_SOFTWARE","URL","HTTP_CONNECTION","HTTP_ACCEPT","HTTP_ACCEPT_ENCODING","HTTP_ACCEPT_LANGUAGE","HTTP_COOKIE","HTTP_HOST","HTTP_REFERER","HTTP_USER_AGENT","HTTP_UPGRADE_INSECURE_REQUESTS","HTTP_DNT","HTTP_SEC_FETCH_MODE","HTTP_SEC_FETCH_USER","HTTP_SEC_FETCH_SITE"]

System.NullReferenceException: 未将对象引用设置到对象的实例。
   在 ASP._Page_Views_Borrow_AppendArchiveView_cshtml.Execute() 位置 D:\My Project\QzMisBocHangZhou\QzMisBocHangZhou.Web\Views\Borrow\AppendArchiveView.cshtml:行号 101
   在 System.Web.WebPages.WebPageBase.ExecutePageHierarchy()
   在 System.Web.Mvc.WebViewPage.ExecutePageHierarchy()
   在 System.Web.WebPages.StartPage.ExecutePageHierarchy()
   在 System.Web.WebPages.WebPageBase.ExecutePageHierarchy(WebPageContext pageContext, TextWriter writer, WebPageRenderingBase startPage)
   在 System.Web.Mvc.ViewResultBase.ExecuteResult(ControllerContext context)
   在 System.Web.Mvc.ControllerActionInvoker.InvokeActionResultFilterRecursive(IList`1 filters, Int32 filterIndex, ResultExecutingContext preContext, ControllerContext controllerContext, ActionResult actionResult)
   在 System.Web.Mvc.ControllerActionInvoker.InvokeActionResultFilterRecursive(IList`1 filters, Int32 filterIndex, ResultExecutingContext preContext, ControllerContext controllerContext, ActionResult actionResult)
   在 System.Web.Mvc.ControllerActionInvoker.InvokeActionResultWithFilters(ControllerContext controllerContext, IList`1 filters, ActionResult actionResult)
   在 System.Web.Mvc.Async.AsyncControllerActionInvoker.<>c__DisplayClass3_1.<BeginInvokeAction>b__1(IAsyncResult asyncResult)

2019-09-18 04:56:10,589 [84] ERROR ErrorLog 
调用: /Borrow/AppendArchiveView
调用参数: ["UsedBy","RowsPerPage","RememberName","ASP.NET_SessionId","ALL_HTTP","ALL_RAW","APPL_MD_PATH","APPL_PHYSICAL_PATH","AUTH_TYPE","AUTH_USER","AUTH_PASSWORD","LOGON_USER","REMOTE_USER","CERT_COOKIE","CERT_FLAGS","CERT_ISSUER","CERT_KEYSIZE","CERT_SECRETKEYSIZE","CERT_SERIALNUMBER","CERT_SERVER_ISSUER","CERT_SERVER_SUBJECT","CERT_SUBJECT","CONTENT_LENGTH","CONTENT_TYPE","GATEWAY_INTERFACE","HTTPS","HTTPS_KEYSIZE","HTTPS_SECRETKEYSIZE","HTTPS_SERVER_ISSUER","HTTPS_SERVER_SUBJECT","INSTANCE_ID","INSTANCE_META_PATH","LOCAL_ADDR","PATH_INFO","PATH_TRANSLATED","QUERY_STRING","REMOTE_ADDR","REMOTE_HOST","REMOTE_PORT","REQUEST_METHOD","SCRIPT_NAME","SERVER_NAME","SERVER_PORT","SERVER_PORT_SECURE","SERVER_PROTOCOL","SERVER_SOFTWARE","URL","HTTP_CONNECTION","HTTP_ACCEPT","HTTP_ACCEPT_ENCODING","HTTP_ACCEPT_LANGUAGE","HTTP_COOKIE","HTTP_HOST","HTTP_REFERER","HTTP_USER_AGENT","HTTP_UPGRADE_INSECURE_REQUESTS","HTTP_DNT","HTTP_SEC_FETCH_MODE","HTTP_SEC_FETCH_USER","HTTP_SEC_FETCH_SITE"]

System.NullReferenceException: 未将对象引用设置到对象的实例。
   在 ASP._Page_Views_Borrow_AppendArchiveView_cshtml.Execute() 位置 D:\My Project\QzMisBocHangZhou\QzMisBocHangZhou.Web\Views\Borrow\AppendArchiveView.cshtml:行号 101
   在 System.Web.WebPages.WebPageBase.ExecutePageHierarchy()
   在 System.Web.Mvc.WebViewPage.ExecutePageHierarchy()
   在 System.Web.WebPages.StartPage.ExecutePageHierarchy()
   在 System.Web.WebPages.WebPageBase.ExecutePageHierarchy(WebPageContext pageContext, TextWriter writer, WebPageRenderingBase startPage)
   在 System.Web.Mvc.ViewResultBase.ExecuteResult(ControllerContext context)
   在 System.Web.Mvc.ControllerActionInvoker.InvokeActionResultFilterRecursive(IList`1 filters, Int32 filterIndex, ResultExecutingContext preContext, ControllerContext controllerContext, ActionResult actionResult)
   在 System.Web.Mvc.ControllerActionInvoker.InvokeActionResultFilterRecursive(IList`1 filters, Int32 filterIndex, ResultExecutingContext preContext, ControllerContext controllerContext, ActionResult actionResult)
   在 System.Web.Mvc.ControllerActionInvoker.InvokeActionResultWithFilters(ControllerContext controllerContext, IList`1 filters, ActionResult actionResult)
   在 System.Web.Mvc.Async.AsyncControllerActionInvoker.<>c__DisplayClass3_1.<BeginInvokeAction>b__1(IAsyncResult asyncResult)

2019-09-18 04:56:13,735 [80] ERROR ErrorLog 
调用: /Borrow/AppendArchiveView
调用参数: ["UsedBy","RowsPerPage","RememberName","ASP.NET_SessionId","ALL_HTTP","ALL_RAW","APPL_MD_PATH","APPL_PHYSICAL_PATH","AUTH_TYPE","AUTH_USER","AUTH_PASSWORD","LOGON_USER","REMOTE_USER","CERT_COOKIE","CERT_FLAGS","CERT_ISSUER","CERT_KEYSIZE","CERT_SECRETKEYSIZE","CERT_SERIALNUMBER","CERT_SERVER_ISSUER","CERT_SERVER_SUBJECT","CERT_SUBJECT","CONTENT_LENGTH","CONTENT_TYPE","GATEWAY_INTERFACE","HTTPS","HTTPS_KEYSIZE","HTTPS_SECRETKEYSIZE","HTTPS_SERVER_ISSUER","HTTPS_SERVER_SUBJECT","INSTANCE_ID","INSTANCE_META_PATH","LOCAL_ADDR","PATH_INFO","PATH_TRANSLATED","QUERY_STRING","REMOTE_ADDR","REMOTE_HOST","REMOTE_PORT","REQUEST_METHOD","SCRIPT_NAME","SERVER_NAME","SERVER_PORT","SERVER_PORT_SECURE","SERVER_PROTOCOL","SERVER_SOFTWARE","URL","HTTP_CONNECTION","HTTP_ACCEPT","HTTP_ACCEPT_ENCODING","HTTP_ACCEPT_LANGUAGE","HTTP_COOKIE","HTTP_HOST","HTTP_REFERER","HTTP_USER_AGENT","HTTP_UPGRADE_INSECURE_REQUESTS","HTTP_DNT","HTTP_SEC_FETCH_MODE","HTTP_SEC_FETCH_USER","HTTP_SEC_FETCH_SITE"]

System.NullReferenceException: 未将对象引用设置到对象的实例。
   在 ASP._Page_Views_Borrow_AppendArchiveView_cshtml.Execute() 位置 D:\My Project\QzMisBocHangZhou\QzMisBocHangZhou.Web\Views\Borrow\AppendArchiveView.cshtml:行号 101
   在 System.Web.WebPages.WebPageBase.ExecutePageHierarchy()
   在 System.Web.Mvc.WebViewPage.ExecutePageHierarchy()
   在 System.Web.WebPages.StartPage.ExecutePageHierarchy()
   在 System.Web.WebPages.WebPageBase.ExecutePageHierarchy(WebPageContext pageContext, TextWriter writer, WebPageRenderingBase startPage)
   在 System.Web.Mvc.ViewResultBase.ExecuteResult(ControllerContext context)
   在 System.Web.Mvc.ControllerActionInvoker.InvokeActionResultFilterRecursive(IList`1 filters, Int32 filterIndex, ResultExecutingContext preContext, ControllerContext controllerContext, ActionResult actionResult)
   在 System.Web.Mvc.ControllerActionInvoker.InvokeActionResultFilterRecursive(IList`1 filters, Int32 filterIndex, ResultExecutingContext preContext, ControllerContext controllerContext, ActionResult actionResult)
   在 System.Web.Mvc.ControllerActionInvoker.InvokeActionResultWithFilters(ControllerContext controllerContext, IList`1 filters, ActionResult actionResult)
   在 System.Web.Mvc.Async.AsyncControllerActionInvoker.<>c__DisplayClass3_1.<BeginInvokeAction>b__1(IAsyncResult asyncResult)

2019-09-18 04:58:39,311 [72] ERROR ErrorLog 
调用: /Borrow/AppendArchiveView
调用参数: ["UsedBy","layTableCheckbox","RowsPerPage","RememberName","ASP.NET_SessionId","ALL_HTTP","ALL_RAW","APPL_MD_PATH","APPL_PHYSICAL_PATH","AUTH_TYPE","AUTH_USER","AUTH_PASSWORD","LOGON_USER","REMOTE_USER","CERT_COOKIE","CERT_FLAGS","CERT_ISSUER","CERT_KEYSIZE","CERT_SECRETKEYSIZE","CERT_SERIALNUMBER","CERT_SERVER_ISSUER","CERT_SERVER_SUBJECT","CERT_SUBJECT","CONTENT_LENGTH","CONTENT_TYPE","GATEWAY_INTERFACE","HTTPS","HTTPS_KEYSIZE","HTTPS_SECRETKEYSIZE","HTTPS_SERVER_ISSUER","HTTPS_SERVER_SUBJECT","INSTANCE_ID","INSTANCE_META_PATH","LOCAL_ADDR","PATH_INFO","PATH_TRANSLATED","QUERY_STRING","REMOTE_ADDR","REMOTE_HOST","REMOTE_PORT","REQUEST_METHOD","SCRIPT_NAME","SERVER_NAME","SERVER_PORT","SERVER_PORT_SECURE","SERVER_PROTOCOL","SERVER_SOFTWARE","URL","HTTP_CONNECTION","HTTP_ACCEPT","HTTP_ACCEPT_ENCODING","HTTP_ACCEPT_LANGUAGE","HTTP_COOKIE","HTTP_HOST","HTTP_REFERER","HTTP_USER_AGENT","HTTP_UPGRADE_INSECURE_REQUESTS","HTTP_DNT","HTTP_SEC_FETCH_MODE","HTTP_SEC_FETCH_USER","HTTP_SEC_FETCH_SITE"]

System.NullReferenceException: 未将对象引用设置到对象的实例。
   在 ASP._Page_Views_Borrow_AppendArchiveView_cshtml.Execute() 位置 D:\My Project\QzMisBocHangZhou\QzMisBocHangZhou.Web\Views\Borrow\AppendArchiveView.cshtml:行号 101
   在 System.Web.WebPages.WebPageBase.ExecutePageHierarchy()
   在 System.Web.Mvc.WebViewPage.ExecutePageHierarchy()
   在 System.Web.WebPages.StartPage.ExecutePageHierarchy()
   在 System.Web.WebPages.WebPageBase.ExecutePageHierarchy(WebPageContext pageContext, TextWriter writer, WebPageRenderingBase startPage)
   在 System.Web.Mvc.ViewResultBase.ExecuteResult(ControllerContext context)
   在 System.Web.Mvc.ControllerActionInvoker.InvokeActionResultFilterRecursive(IList`1 filters, Int32 filterIndex, ResultExecutingContext preContext, ControllerContext controllerContext, ActionResult actionResult)
   在 System.Web.Mvc.ControllerActionInvoker.InvokeActionResultFilterRecursive(IList`1 filters, Int32 filterIndex, ResultExecutingContext preContext, ControllerContext controllerContext, ActionResult actionResult)
   在 System.Web.Mvc.ControllerActionInvoker.InvokeActionResultWithFilters(ControllerContext controllerContext, IList`1 filters, ActionResult actionResult)
   在 System.Web.Mvc.Async.AsyncControllerActionInvoker.<>c__DisplayClass3_1.<BeginInvokeAction>b__1(IAsyncResult asyncResult)

2019-09-18 04:59:17,613 [25] ERROR ErrorLog 
调用: /Borrow/AppendArchiveView
调用参数: ["UsedBy","RowsPerPage","RememberName","ASP.NET_SessionId","ALL_HTTP","ALL_RAW","APPL_MD_PATH","APPL_PHYSICAL_PATH","AUTH_TYPE","AUTH_USER","AUTH_PASSWORD","LOGON_USER","REMOTE_USER","CERT_COOKIE","CERT_FLAGS","CERT_ISSUER","CERT_KEYSIZE","CERT_SECRETKEYSIZE","CERT_SERIALNUMBER","CERT_SERVER_ISSUER","CERT_SERVER_SUBJECT","CERT_SUBJECT","CONTENT_LENGTH","CONTENT_TYPE","GATEWAY_INTERFACE","HTTPS","HTTPS_KEYSIZE","HTTPS_SECRETKEYSIZE","HTTPS_SERVER_ISSUER","HTTPS_SERVER_SUBJECT","INSTANCE_ID","INSTANCE_META_PATH","LOCAL_ADDR","PATH_INFO","PATH_TRANSLATED","QUERY_STRING","REMOTE_ADDR","REMOTE_HOST","REMOTE_PORT","REQUEST_METHOD","SCRIPT_NAME","SERVER_NAME","SERVER_PORT","SERVER_PORT_SECURE","SERVER_PROTOCOL","SERVER_SOFTWARE","URL","HTTP_CONNECTION","HTTP_ACCEPT","HTTP_ACCEPT_ENCODING","HTTP_ACCEPT_LANGUAGE","HTTP_COOKIE","HTTP_HOST","HTTP_REFERER","HTTP_USER_AGENT","HTTP_UPGRADE_INSECURE_REQUESTS","HTTP_DNT","HTTP_SEC_FETCH_MODE","HTTP_SEC_FETCH_USER","HTTP_SEC_FETCH_SITE"]

System.NullReferenceException: 未将对象引用设置到对象的实例。
   在 ASP._Page_Views_Borrow_AppendArchiveView_cshtml.Execute() 位置 D:\My Project\QzMisBocHangZhou\QzMisBocHangZhou.Web\Views\Borrow\AppendArchiveView.cshtml:行号 101
   在 System.Web.WebPages.WebPageBase.ExecutePageHierarchy()
   在 System.Web.Mvc.WebViewPage.ExecutePageHierarchy()
   在 System.Web.WebPages.StartPage.ExecutePageHierarchy()
   在 System.Web.WebPages.WebPageBase.ExecutePageHierarchy(WebPageContext pageContext, TextWriter writer, WebPageRenderingBase startPage)
   在 System.Web.Mvc.ViewResultBase.ExecuteResult(ControllerContext context)
   在 System.Web.Mvc.ControllerActionInvoker.InvokeActionResultFilterRecursive(IList`1 filters, Int32 filterIndex, ResultExecutingContext preContext, ControllerContext controllerContext, ActionResult actionResult)
   在 System.Web.Mvc.ControllerActionInvoker.InvokeActionResultFilterRecursive(IList`1 filters, Int32 filterIndex, ResultExecutingContext preContext, ControllerContext controllerContext, ActionResult actionResult)
   在 System.Web.Mvc.ControllerActionInvoker.InvokeActionResultWithFilters(ControllerContext controllerContext, IList`1 filters, ActionResult actionResult)
   在 System.Web.Mvc.Async.AsyncControllerActionInvoker.<>c__DisplayClass3_1.<BeginInvokeAction>b__1(IAsyncResult asyncResult)

2019-09-18 06:26:12,911 [25] ERROR ErrorLog 
调用: /Report/BorrowTimeOutListView
调用参数: ["RowsPerPage","RememberName","ASP.NET_SessionId","ALL_HTTP","ALL_RAW","APPL_MD_PATH","APPL_PHYSICAL_PATH","AUTH_TYPE","AUTH_USER","AUTH_PASSWORD","LOGON_USER","REMOTE_USER","CERT_COOKIE","CERT_FLAGS","CERT_ISSUER","CERT_KEYSIZE","CERT_SECRETKEYSIZE","CERT_SERIALNUMBER","CERT_SERVER_ISSUER","CERT_SERVER_SUBJECT","CERT_SUBJECT","CONTENT_LENGTH","CONTENT_TYPE","GATEWAY_INTERFACE","HTTPS","HTTPS_KEYSIZE","HTTPS_SECRETKEYSIZE","HTTPS_SERVER_ISSUER","HTTPS_SERVER_SUBJECT","INSTANCE_ID","INSTANCE_META_PATH","LOCAL_ADDR","PATH_INFO","PATH_TRANSLATED","QUERY_STRING","REMOTE_ADDR","REMOTE_HOST","REMOTE_PORT","REQUEST_METHOD","SCRIPT_NAME","SERVER_NAME","SERVER_PORT","SERVER_PORT_SECURE","SERVER_PROTOCOL","SERVER_SOFTWARE","URL","HTTP_CONNECTION","HTTP_ACCEPT","HTTP_ACCEPT_ENCODING","HTTP_ACCEPT_LANGUAGE","HTTP_COOKIE","HTTP_HOST","HTTP_USER_AGENT","HTTP_UPGRADE_INSECURE_REQUESTS","HTTP_SEC_FETCH_MODE","HTTP_SEC_FETCH_USER","HTTP_DNT","HTTP_SEC_FETCH_SITE"]

System.ArgumentException: 对于“QzMisBocHangZhou.Web.Controllers.ReportController”中方法“System.Web.Mvc.ActionResult BorrowTimeOutListView(System.DateTime)”的不可以为 null 的类型“System.DateTime”的参数“yearMonth”，参数字典包含一个 null 项。可选参数必须为引用类型、可以为 null 的类型或声明为可选参数。
参数名: parameters
   在 System.Web.Mvc.ActionDescriptor.ExtractParameterFromDictionary(ParameterInfo parameterInfo, IDictionary`2 parameters, MethodInfo methodInfo)
   在 System.Web.Mvc.ReflectedActionDescriptor.Execute(ControllerContext controllerContext, IDictionary`2 parameters)
   在 System.Web.Mvc.ControllerActionInvoker.InvokeActionMethod(ControllerContext controllerContext, ActionDescriptor actionDescriptor, IDictionary`2 parameters)
   在 System.Web.Mvc.Async.AsyncControllerActionInvoker.<>c.<BeginInvokeSynchronousActionMethod>b__9_0(IAsyncResult asyncResult, ActionInvocation innerInvokeState)
   在 System.Web.Mvc.Async.AsyncResultWrapper.WrappedAsyncResult`2.CallEndDelegate(IAsyncResult asyncResult)
   在 System.Web.Mvc.Async.AsyncControllerActionInvoker.EndInvokeActionMethod(IAsyncResult asyncResult)
   在 System.Web.Mvc.Async.AsyncControllerActionInvoker.AsyncInvocationWithFilters.<>c__DisplayClass11_0.<InvokeActionMethodFilterAsynchronouslyRecursive>b__0()
   在 System.Web.Mvc.Async.AsyncControllerActionInvoker.AsyncInvocationWithFilters.<>c__DisplayClass11_2.<InvokeActionMethodFilterAsynchronouslyRecursive>b__2()
   在 System.Web.Mvc.Async.AsyncControllerActionInvoker.EndInvokeActionMethodWithFilters(IAsyncResult asyncResult)
   在 System.Web.Mvc.Async.AsyncControllerActionInvoker.<>c__DisplayClass3_6.<BeginInvokeAction>b__4()
   在 System.Web.Mvc.Async.AsyncControllerActionInvoker.<>c__DisplayClass3_1.<BeginInvokeAction>b__1(IAsyncResult asyncResult)

2019-09-18 06:26:33,425 [84] ERROR ErrorLog 
调用: /Report/BorrowTimeOutListView
调用参数: ["RowsPerPage","RememberName","ASP.NET_SessionId","ALL_HTTP","ALL_RAW","APPL_MD_PATH","APPL_PHYSICAL_PATH","AUTH_TYPE","AUTH_USER","AUTH_PASSWORD","LOGON_USER","REMOTE_USER","CERT_COOKIE","CERT_FLAGS","CERT_ISSUER","CERT_KEYSIZE","CERT_SECRETKEYSIZE","CERT_SERIALNUMBER","CERT_SERVER_ISSUER","CERT_SERVER_SUBJECT","CERT_SUBJECT","CONTENT_LENGTH","CONTENT_TYPE","GATEWAY_INTERFACE","HTTPS","HTTPS_KEYSIZE","HTTPS_SECRETKEYSIZE","HTTPS_SERVER_ISSUER","HTTPS_SERVER_SUBJECT","INSTANCE_ID","INSTANCE_META_PATH","LOCAL_ADDR","PATH_INFO","PATH_TRANSLATED","QUERY_STRING","REMOTE_ADDR","REMOTE_HOST","REMOTE_PORT","REQUEST_METHOD","SCRIPT_NAME","SERVER_NAME","SERVER_PORT","SERVER_PORT_SECURE","SERVER_PROTOCOL","SERVER_SOFTWARE","URL","HTTP_CACHE_CONTROL","HTTP_CONNECTION","HTTP_ACCEPT","HTTP_ACCEPT_ENCODING","HTTP_ACCEPT_LANGUAGE","HTTP_COOKIE","HTTP_HOST","HTTP_USER_AGENT","HTTP_UPGRADE_INSECURE_REQUESTS","HTTP_SEC_FETCH_MODE","HTTP_SEC_FETCH_USER","HTTP_DNT","HTTP_SEC_FETCH_SITE"]

System.ArgumentException: 对于“QzMisBocHangZhou.Web.Controllers.ReportController”中方法“System.Web.Mvc.ActionResult BorrowTimeOutListView(System.DateTime)”的不可以为 null 的类型“System.DateTime”的参数“yearMonth”，参数字典包含一个 null 项。可选参数必须为引用类型、可以为 null 的类型或声明为可选参数。
参数名: parameters
   在 System.Web.Mvc.ActionDescriptor.ExtractParameterFromDictionary(ParameterInfo parameterInfo, IDictionary`2 parameters, MethodInfo methodInfo)
   在 System.Web.Mvc.ReflectedActionDescriptor.Execute(ControllerContext controllerContext, IDictionary`2 parameters)
   在 System.Web.Mvc.ControllerActionInvoker.InvokeActionMethod(ControllerContext controllerContext, ActionDescriptor actionDescriptor, IDictionary`2 parameters)
   在 System.Web.Mvc.Async.AsyncControllerActionInvoker.<>c.<BeginInvokeSynchronousActionMethod>b__9_0(IAsyncResult asyncResult, ActionInvocation innerInvokeState)
   在 System.Web.Mvc.Async.AsyncResultWrapper.WrappedAsyncResult`2.CallEndDelegate(IAsyncResult asyncResult)
   在 System.Web.Mvc.Async.AsyncControllerActionInvoker.EndInvokeActionMethod(IAsyncResult asyncResult)
   在 System.Web.Mvc.Async.AsyncControllerActionInvoker.AsyncInvocationWithFilters.<>c__DisplayClass11_0.<InvokeActionMethodFilterAsynchronouslyRecursive>b__0()
   在 System.Web.Mvc.Async.AsyncControllerActionInvoker.AsyncInvocationWithFilters.<>c__DisplayClass11_2.<InvokeActionMethodFilterAsynchronouslyRecursive>b__2()
   在 System.Web.Mvc.Async.AsyncControllerActionInvoker.EndInvokeActionMethodWithFilters(IAsyncResult asyncResult)
   在 System.Web.Mvc.Async.AsyncControllerActionInvoker.<>c__DisplayClass3_6.<BeginInvokeAction>b__4()
   在 System.Web.Mvc.Async.AsyncControllerActionInvoker.<>c__DisplayClass3_1.<BeginInvokeAction>b__1(IAsyncResult asyncResult)

2019-09-18 06:28:07,126 [80] ERROR ErrorLog 
调用: /Report/BorrowTimeOutListView
调用参数: ["RowsPerPage","RememberName","ASP.NET_SessionId","ALL_HTTP","ALL_RAW","APPL_MD_PATH","APPL_PHYSICAL_PATH","AUTH_TYPE","AUTH_USER","AUTH_PASSWORD","LOGON_USER","REMOTE_USER","CERT_COOKIE","CERT_FLAGS","CERT_ISSUER","CERT_KEYSIZE","CERT_SECRETKEYSIZE","CERT_SERIALNUMBER","CERT_SERVER_ISSUER","CERT_SERVER_SUBJECT","CERT_SUBJECT","CONTENT_LENGTH","CONTENT_TYPE","GATEWAY_INTERFACE","HTTPS","HTTPS_KEYSIZE","HTTPS_SECRETKEYSIZE","HTTPS_SERVER_ISSUER","HTTPS_SERVER_SUBJECT","INSTANCE_ID","INSTANCE_META_PATH","LOCAL_ADDR","PATH_INFO","PATH_TRANSLATED","QUERY_STRING","REMOTE_ADDR","REMOTE_HOST","REMOTE_PORT","REQUEST_METHOD","SCRIPT_NAME","SERVER_NAME","SERVER_PORT","SERVER_PORT_SECURE","SERVER_PROTOCOL","SERVER_SOFTWARE","URL","HTTP_CACHE_CONTROL","HTTP_CONNECTION","HTTP_ACCEPT","HTTP_ACCEPT_ENCODING","HTTP_ACCEPT_LANGUAGE","HTTP_COOKIE","HTTP_HOST","HTTP_USER_AGENT","HTTP_UPGRADE_INSECURE_REQUESTS","HTTP_SEC_FETCH_MODE","HTTP_SEC_FETCH_USER","HTTP_DNT","HTTP_SEC_FETCH_SITE"]

System.ArgumentException: 对于“QzMisBocHangZhou.Web.Controllers.ReportController”中方法“System.Web.Mvc.ActionResult BorrowTimeOutListView(System.DateTime)”的不可以为 null 的类型“System.DateTime”的参数“yearMonth”，参数字典包含一个 null 项。可选参数必须为引用类型、可以为 null 的类型或声明为可选参数。
参数名: parameters
   在 System.Web.Mvc.ActionDescriptor.ExtractParameterFromDictionary(ParameterInfo parameterInfo, IDictionary`2 parameters, MethodInfo methodInfo)
   在 System.Web.Mvc.ReflectedActionDescriptor.Execute(ControllerContext controllerContext, IDictionary`2 parameters)
   在 System.Web.Mvc.ControllerActionInvoker.InvokeActionMethod(ControllerContext controllerContext, ActionDescriptor actionDescriptor, IDictionary`2 parameters)
   在 System.Web.Mvc.Async.AsyncControllerActionInvoker.<>c.<BeginInvokeSynchronousActionMethod>b__9_0(IAsyncResult asyncResult, ActionInvocation innerInvokeState)
   在 System.Web.Mvc.Async.AsyncResultWrapper.WrappedAsyncResult`2.CallEndDelegate(IAsyncResult asyncResult)
   在 System.Web.Mvc.Async.AsyncControllerActionInvoker.EndInvokeActionMethod(IAsyncResult asyncResult)
   在 System.Web.Mvc.Async.AsyncControllerActionInvoker.AsyncInvocationWithFilters.<>c__DisplayClass11_0.<InvokeActionMethodFilterAsynchronouslyRecursive>b__0()
   在 System.Web.Mvc.Async.AsyncControllerActionInvoker.AsyncInvocationWithFilters.<>c__DisplayClass11_2.<InvokeActionMethodFilterAsynchronouslyRecursive>b__2()
   在 System.Web.Mvc.Async.AsyncControllerActionInvoker.EndInvokeActionMethodWithFilters(IAsyncResult asyncResult)
   在 System.Web.Mvc.Async.AsyncControllerActionInvoker.<>c__DisplayClass3_6.<BeginInvokeAction>b__4()
   在 System.Web.Mvc.Async.AsyncControllerActionInvoker.<>c__DisplayClass3_1.<BeginInvokeAction>b__1(IAsyncResult asyncResult)
