
2020-03-28 23:04:19,885 [5] ERROR ErrorLog 
调用: /Login/Login
调用参数: ["ASP.NET_SessionId","ALL_HTTP","ALL_RAW","APPL_MD_PATH","APPL_PHYSICAL_PATH","AUTH_TYPE","AUTH_USER","AUTH_PASSWORD","LOGON_USER","REMOTE_USER","CERT_COOKIE","CERT_FLAGS","CERT_ISSUER","CERT_KEYSIZE","CERT_SECRETKEYSIZE","CERT_SERIALNUMBER","CERT_SERVER_ISSUER","CERT_SERVER_SUBJECT","CERT_SUBJECT","CONTENT_LENGTH","CONTENT_TYPE","GATEWAY_INTERFACE","HTTPS","HTTPS_KEYSIZE","HTTPS_SECRETKEYSIZE","HTTPS_SERVER_ISSUER","HTTPS_SERVER_SUBJECT","INSTANCE_ID","INSTANCE_META_PATH","LOCAL_ADDR","PATH_INFO","PATH_TRANSLATED","QUERY_STRING","REMOTE_ADDR","REMOTE_HOST","REMOTE_PORT","REQUEST_METHOD","SCRIPT_NAME","SERVER_NAME","SERVER_PORT","SERVER_PORT_SECURE","SERVER_PROTOCOL","SERVER_SOFTWARE","URL","HTTP_CACHE_CONTROL","HTTP_CONNECTION","HTTP_CONTENT_LENGTH","HTTP_CONTENT_TYPE","HTTP_ACCEPT","HTTP_ACCEPT_ENCODING","HTTP_ACCEPT_LANGUAGE","HTTP_COOKIE","HTTP_HOST","HTTP_REFERER","HTTP_USER_AGENT","HTTP_X_REQUESTED_WITH"]

Oracle.ManagedDataAccess.Client.OracleException (0x80004005): ORA-12541: TNS: 无监听程序 ---> OracleInternal.Network.NetworkException (0x80004005): ORA-12541: TNS: 无监听程序 ---> System.Net.Sockets.SocketException (0x80004005): 由于目标计算机积极拒绝，无法连接。 192.168.137.1:1521
   在 System.Net.Sockets.Socket.InternalEndConnect(IAsyncResult asyncResult)
   在 System.Net.Sockets.Socket.EndConnect(IAsyncResult asyncResult)
   在 OracleInternal.Network.TcpTransportAdapter.ConnectIterate()
   在 OracleInternal.Network.OracleCommunication.DoConnect(String tnsDescriptor)
   在 OracleInternal.Network.OracleCommunication.Connect(String tnsDescriptor, Boolean doNAHandshake, String IName, ConnectionOption CO)
   在 OracleInternal.ServiceObjects.OracleConnectionImpl.Connect(ConnectionString cs, Boolean bOpenEndUserSession, OracleConnection connRefForCriteria, String instanceName)
   在 OracleInternal.ConnectionPool.PoolManager`3.Get(ConnectionString csWithDiffOrNewPwd, Boolean bGetForApp, OracleConnection connRefForCriteria, String affinityInstanceName, Boolean bForceMatch)
   在 OracleInternal.ConnectionPool.OraclePoolManager.Get(ConnectionString csWithNewPassword, Boolean bGetForApp, OracleConnection connRefForCriteria, String affinityInstanceName, Boolean bForceMatch)
   在 OracleInternal.ConnectionPool.OracleConnectionDispenser`3.Get(ConnectionString cs, PM conPM, ConnectionString pmCS, SecureString securedPassword, SecureString securedProxyPassword, OracleConnection connRefForCriteria)
   在 Oracle.ManagedDataAccess.Client.OracleConnection.Open()
   在 QzMisBocHangZhou.DAL.DbProvider`1.PrepareCommand(DbCommand command, DbTransaction transaction, CommandType commandType, String commandText, DbParameter[] parms) 位置 E:\01 Project\05 ZH Project\QzMisBocHangZhou\QzMisBocHangZhou.DAL\DataAccess\DbProvider.cs:行号 84
   在 QzMisBocHangZhou.DAL.DbContext`1.ExecuteDb[TResult](DbCommand command, String commandText, Func`2 execFunc, DbParameter[] parms) 位置 E:\01 Project\05 ZH Project\QzMisBocHangZhou\QzMisBocHangZhou.DAL\DataAccess\DbContext.cs:行号 290
   在 QzMisBocHangZhou.DAL.DbContext`1.ExecuteDb[TResult](String commandText, CommandType cmdType, Func`2 execFunc, DbParameter[] parms) 位置 E:\01 Project\05 ZH Project\QzMisBocHangZhou\QzMisBocHangZhou.DAL\DataAccess\DbContext.cs:行号 276
   在 QzMisBocHangZhou.DAL.DbContext`1.ExecuteScalar[TResult](String commandText, CommandType cmdType, DbParameter[] parms) 位置 E:\01 Project\05 ZH Project\QzMisBocHangZhou\QzMisBocHangZhou.DAL\DataAccess\DbContext.cs:行号 97
   在 QzMisBocHangZhou.DAL.DbContext`1.ExecuteScalar[TResult](String commandText, DbParameter[] parms) 位置 E:\01 Project\05 ZH Project\QzMisBocHangZhou\QzMisBocHangZhou.DAL\DataAccess\DbContext.cs:行号 91
   在 QzMisBocHangZhou.DAL.UserInfoDAL.Login(String userName, String pwd) 位置 E:\01 Project\05 ZH Project\QzMisBocHangZhou\QzMisBocHangZhou.DAL\UserInfoDAL.cs:行号 12
   在 QzMisBocHangZhou.Biz.UserInfoBiz.Login(String userName, String password) 位置 E:\01 Project\05 ZH Project\QzMisBocHangZhou\QzMisBocHangZhou.Biz\UserInfoBiz.cs:行号 15
   在 QzMisBocHangZhou.Web.Controllers.LoginController.Login(String userName, String password) 位置 E:\01 Project\05 ZH Project\QzMisBocHangZhou\QzMisBocHangZhou.Web\Controllers\LoginController.cs:行号 20
   在 lambda_method(Closure , ControllerBase , Object[] )
   在 System.Web.Mvc.ActionMethodDispatcher.Execute(ControllerBase controller, Object[] parameters)
   在 System.Web.Mvc.ReflectedActionDescriptor.Execute(ControllerContext controllerContext, IDictionary`2 parameters)
   在 System.Web.Mvc.ControllerActionInvoker.InvokeActionMethod(ControllerContext controllerContext, ActionDescriptor actionDescriptor, IDictionary`2 parameters)
   在 System.Web.Mvc.Async.AsyncControllerActionInvoker.<>c.<BeginInvokeSynchronousActionMethod>b__9_0(IAsyncResult asyncResult, ActionInvocation innerInvokeState)
   在 System.Web.Mvc.Async.AsyncResultWrapper.WrappedAsyncResult`2.CallEndDelegate(IAsyncResult asyncResult)
   在 System.Web.Mvc.Async.AsyncResultWrapper.WrappedAsyncResultBase`1.End()
   在 System.Web.Mvc.Async.AsyncControllerActionInvoker.EndInvokeActionMethod(IAsyncResult asyncResult)
   在 System.Web.Mvc.Async.AsyncControllerActionInvoker.AsyncInvocationWithFilters.<>c__DisplayClass11_0.<InvokeActionMethodFilterAsynchronouslyRecursive>b__0()
   在 System.Web.Mvc.Async.AsyncControllerActionInvoker.AsyncInvocationWithFilters.<>c__DisplayClass11_2.<InvokeActionMethodFilterAsynchronouslyRecursive>b__2()
   在 System.Web.Mvc.Async.AsyncControllerActionInvoker.<>c__DisplayClass7_0.<BeginInvokeActionMethodWithFilters>b__1(IAsyncResult asyncResult)
   在 System.Web.Mvc.Async.AsyncResultWrapper.WrappedAsyncResult`1.CallEndDelegate(IAsyncResult asyncResult)
   在 System.Web.Mvc.Async.AsyncResultWrapper.WrappedAsyncResultBase`1.End()
   在 System.Web.Mvc.Async.AsyncControllerActionInvoker.EndInvokeActionMethodWithFilters(IAsyncResult asyncResult)
   在 System.Web.Mvc.Async.AsyncControllerActionInvoker.<>c__DisplayClass3_6.<BeginInvokeAction>b__4()
   在 System.Web.Mvc.Async.AsyncControllerActionInvoker.<>c__DisplayClass3_1.<BeginInvokeAction>b__1(IAsyncResult asyncResult)

2020-03-28 23:07:05,384 [5] ERROR ErrorLog 
调用: /Login/Login
调用参数: ["ASP.NET_SessionId","ALL_HTTP","ALL_RAW","APPL_MD_PATH","APPL_PHYSICAL_PATH","AUTH_TYPE","AUTH_USER","AUTH_PASSWORD","LOGON_USER","REMOTE_USER","CERT_COOKIE","CERT_FLAGS","CERT_ISSUER","CERT_KEYSIZE","CERT_SECRETKEYSIZE","CERT_SERIALNUMBER","CERT_SERVER_ISSUER","CERT_SERVER_SUBJECT","CERT_SUBJECT","CONTENT_LENGTH","CONTENT_TYPE","GATEWAY_INTERFACE","HTTPS","HTTPS_KEYSIZE","HTTPS_SECRETKEYSIZE","HTTPS_SERVER_ISSUER","HTTPS_SERVER_SUBJECT","INSTANCE_ID","INSTANCE_META_PATH","LOCAL_ADDR","PATH_INFO","PATH_TRANSLATED","QUERY_STRING","REMOTE_ADDR","REMOTE_HOST","REMOTE_PORT","REQUEST_METHOD","SCRIPT_NAME","SERVER_NAME","SERVER_PORT","SERVER_PORT_SECURE","SERVER_PROTOCOL","SERVER_SOFTWARE","URL","HTTP_CACHE_CONTROL","HTTP_CONNECTION","HTTP_CONTENT_LENGTH","HTTP_CONTENT_TYPE","HTTP_ACCEPT","HTTP_ACCEPT_ENCODING","HTTP_ACCEPT_LANGUAGE","HTTP_COOKIE","HTTP_HOST","HTTP_REFERER","HTTP_USER_AGENT","HTTP_X_REQUESTED_WITH"]

Oracle.ManagedDataAccess.Client.OracleException (0x80004005): ORA-12541: TNS: 无监听程序 ---> OracleInternal.Network.NetworkException (0x80004005): ORA-12541: TNS: 无监听程序 ---> System.Net.Sockets.SocketException (0x80004005): 由于目标计算机积极拒绝，无法连接。 192.168.137.1:1521
   在 System.Net.Sockets.Socket.InternalEndConnect(IAsyncResult asyncResult)
   在 System.Net.Sockets.Socket.EndConnect(IAsyncResult asyncResult)
   在 OracleInternal.Network.TcpTransportAdapter.ConnectIterate()
   在 OracleInternal.Network.OracleCommunication.DoConnect(String tnsDescriptor)
   在 OracleInternal.Network.OracleCommunication.Connect(String tnsDescriptor, Boolean doNAHandshake, String IName, ConnectionOption CO)
   在 OracleInternal.ServiceObjects.OracleConnectionImpl.Connect(ConnectionString cs, Boolean bOpenEndUserSession, OracleConnection connRefForCriteria, String instanceName)
   在 OracleInternal.ConnectionPool.PoolManager`3.Get(ConnectionString csWithDiffOrNewPwd, Boolean bGetForApp, OracleConnection connRefForCriteria, String affinityInstanceName, Boolean bForceMatch)
   在 OracleInternal.ConnectionPool.OraclePoolManager.Get(ConnectionString csWithNewPassword, Boolean bGetForApp, OracleConnection connRefForCriteria, String affinityInstanceName, Boolean bForceMatch)
   在 OracleInternal.ConnectionPool.OracleConnectionDispenser`3.Get(ConnectionString cs, PM conPM, ConnectionString pmCS, SecureString securedPassword, SecureString securedProxyPassword, OracleConnection connRefForCriteria)
   在 Oracle.ManagedDataAccess.Client.OracleConnection.Open()
   在 QzMisBocHangZhou.DAL.DbProvider`1.PrepareCommand(DbCommand command, DbTransaction transaction, CommandType commandType, String commandText, DbParameter[] parms) 位置 E:\01 Project\05 ZH Project\QzMisBocHangZhou\QzMisBocHangZhou.DAL\DataAccess\DbProvider.cs:行号 84
   在 QzMisBocHangZhou.DAL.DbContext`1.ExecuteDb[TResult](DbCommand command, String commandText, Func`2 execFunc, DbParameter[] parms) 位置 E:\01 Project\05 ZH Project\QzMisBocHangZhou\QzMisBocHangZhou.DAL\DataAccess\DbContext.cs:行号 290
   在 QzMisBocHangZhou.DAL.DbContext`1.ExecuteDb[TResult](String commandText, CommandType cmdType, Func`2 execFunc, DbParameter[] parms) 位置 E:\01 Project\05 ZH Project\QzMisBocHangZhou\QzMisBocHangZhou.DAL\DataAccess\DbContext.cs:行号 276
   在 QzMisBocHangZhou.DAL.DbContext`1.ExecuteScalar[TResult](String commandText, CommandType cmdType, DbParameter[] parms) 位置 E:\01 Project\05 ZH Project\QzMisBocHangZhou\QzMisBocHangZhou.DAL\DataAccess\DbContext.cs:行号 97
   在 QzMisBocHangZhou.DAL.DbContext`1.ExecuteScalar[TResult](String commandText, DbParameter[] parms) 位置 E:\01 Project\05 ZH Project\QzMisBocHangZhou\QzMisBocHangZhou.DAL\DataAccess\DbContext.cs:行号 91
   在 QzMisBocHangZhou.DAL.UserInfoDAL.Login(String userName, String pwd) 位置 E:\01 Project\05 ZH Project\QzMisBocHangZhou\QzMisBocHangZhou.DAL\UserInfoDAL.cs:行号 12
   在 QzMisBocHangZhou.Biz.UserInfoBiz.Login(String userName, String password) 位置 E:\01 Project\05 ZH Project\QzMisBocHangZhou\QzMisBocHangZhou.Biz\UserInfoBiz.cs:行号 15
   在 QzMisBocHangZhou.Web.Controllers.LoginController.Login(String userName, String password) 位置 E:\01 Project\05 ZH Project\QzMisBocHangZhou\QzMisBocHangZhou.Web\Controllers\LoginController.cs:行号 20
   在 lambda_method(Closure , ControllerBase , Object[] )
   在 System.Web.Mvc.ActionMethodDispatcher.Execute(ControllerBase controller, Object[] parameters)
   在 System.Web.Mvc.ReflectedActionDescriptor.Execute(ControllerContext controllerContext, IDictionary`2 parameters)
   在 System.Web.Mvc.ControllerActionInvoker.InvokeActionMethod(ControllerContext controllerContext, ActionDescriptor actionDescriptor, IDictionary`2 parameters)
   在 System.Web.Mvc.Async.AsyncControllerActionInvoker.<>c.<BeginInvokeSynchronousActionMethod>b__9_0(IAsyncResult asyncResult, ActionInvocation innerInvokeState)
   在 System.Web.Mvc.Async.AsyncResultWrapper.WrappedAsyncResult`2.CallEndDelegate(IAsyncResult asyncResult)
   在 System.Web.Mvc.Async.AsyncResultWrapper.WrappedAsyncResultBase`1.End()
   在 System.Web.Mvc.Async.AsyncControllerActionInvoker.EndInvokeActionMethod(IAsyncResult asyncResult)
   在 System.Web.Mvc.Async.AsyncControllerActionInvoker.AsyncInvocationWithFilters.<>c__DisplayClass11_0.<InvokeActionMethodFilterAsynchronouslyRecursive>b__0()
   在 System.Web.Mvc.Async.AsyncControllerActionInvoker.AsyncInvocationWithFilters.<>c__DisplayClass11_2.<InvokeActionMethodFilterAsynchronouslyRecursive>b__2()
   在 System.Web.Mvc.Async.AsyncControllerActionInvoker.<>c__DisplayClass7_0.<BeginInvokeActionMethodWithFilters>b__1(IAsyncResult asyncResult)
   在 System.Web.Mvc.Async.AsyncResultWrapper.WrappedAsyncResult`1.CallEndDelegate(IAsyncResult asyncResult)
   在 System.Web.Mvc.Async.AsyncResultWrapper.WrappedAsyncResultBase`1.End()
   在 System.Web.Mvc.Async.AsyncControllerActionInvoker.EndInvokeActionMethodWithFilters(IAsyncResult asyncResult)
   在 System.Web.Mvc.Async.AsyncControllerActionInvoker.<>c__DisplayClass3_6.<BeginInvokeAction>b__4()
   在 System.Web.Mvc.Async.AsyncControllerActionInvoker.<>c__DisplayClass3_1.<BeginInvokeAction>b__1(IAsyncResult asyncResult)

2020-03-28 23:14:31,862 [7] ERROR ErrorLog 
调用: /Login/Login
调用参数: ["ASP.NET_SessionId","ALL_HTTP","ALL_RAW","APPL_MD_PATH","APPL_PHYSICAL_PATH","AUTH_TYPE","AUTH_USER","AUTH_PASSWORD","LOGON_USER","REMOTE_USER","CERT_COOKIE","CERT_FLAGS","CERT_ISSUER","CERT_KEYSIZE","CERT_SECRETKEYSIZE","CERT_SERIALNUMBER","CERT_SERVER_ISSUER","CERT_SERVER_SUBJECT","CERT_SUBJECT","CONTENT_LENGTH","CONTENT_TYPE","GATEWAY_INTERFACE","HTTPS","HTTPS_KEYSIZE","HTTPS_SECRETKEYSIZE","HTTPS_SERVER_ISSUER","HTTPS_SERVER_SUBJECT","INSTANCE_ID","INSTANCE_META_PATH","LOCAL_ADDR","PATH_INFO","PATH_TRANSLATED","QUERY_STRING","REMOTE_ADDR","REMOTE_HOST","REMOTE_PORT","REQUEST_METHOD","SCRIPT_NAME","SERVER_NAME","SERVER_PORT","SERVER_PORT_SECURE","SERVER_PROTOCOL","SERVER_SOFTWARE","URL","HTTP_CACHE_CONTROL","HTTP_CONNECTION","HTTP_CONTENT_LENGTH","HTTP_CONTENT_TYPE","HTTP_ACCEPT","HTTP_ACCEPT_ENCODING","HTTP_ACCEPT_LANGUAGE","HTTP_COOKIE","HTTP_HOST","HTTP_REFERER","HTTP_USER_AGENT","HTTP_X_REQUESTED_WITH"]

Oracle.ManagedDataAccess.Client.OracleException (0x80004005): 连接请求超时
   在 OracleInternal.ConnectionPool.PoolManager`3.Get(ConnectionString csWithDiffOrNewPwd, Boolean bGetForApp, OracleConnection connRefForCriteria, String affinityInstanceName, Boolean bForceMatch)
   在 OracleInternal.ConnectionPool.OraclePoolManager.Get(ConnectionString csWithNewPassword, Boolean bGetForApp, OracleConnection connRefForCriteria, String affinityInstanceName, Boolean bForceMatch)
   在 OracleInternal.ConnectionPool.OracleConnectionDispenser`3.Get(ConnectionString cs, PM conPM, ConnectionString pmCS, SecureString securedPassword, SecureString securedProxyPassword, OracleConnection connRefForCriteria)
   在 Oracle.ManagedDataAccess.Client.OracleConnection.Open()
   在 QzMisBocHangZhou.DAL.DbProvider`1.PrepareCommand(DbCommand command, DbTransaction transaction, CommandType commandType, String commandText, DbParameter[] parms) 位置 E:\01 Project\05 ZH Project\QzMisBocHangZhou\QzMisBocHangZhou.DAL\DataAccess\DbProvider.cs:行号 84
   在 QzMisBocHangZhou.DAL.DbContext`1.ExecuteDb[TResult](DbCommand command, String commandText, Func`2 execFunc, DbParameter[] parms) 位置 E:\01 Project\05 ZH Project\QzMisBocHangZhou\QzMisBocHangZhou.DAL\DataAccess\DbContext.cs:行号 290
   在 QzMisBocHangZhou.DAL.DbContext`1.ExecuteDb[TResult](String commandText, CommandType cmdType, Func`2 execFunc, DbParameter[] parms) 位置 E:\01 Project\05 ZH Project\QzMisBocHangZhou\QzMisBocHangZhou.DAL\DataAccess\DbContext.cs:行号 276
   在 QzMisBocHangZhou.DAL.DbContext`1.ExecuteScalar[TResult](String commandText, CommandType cmdType, DbParameter[] parms) 位置 E:\01 Project\05 ZH Project\QzMisBocHangZhou\QzMisBocHangZhou.DAL\DataAccess\DbContext.cs:行号 97
   在 QzMisBocHangZhou.DAL.DbContext`1.ExecuteScalar[TResult](String commandText, DbParameter[] parms) 位置 E:\01 Project\05 ZH Project\QzMisBocHangZhou\QzMisBocHangZhou.DAL\DataAccess\DbContext.cs:行号 91
   在 QzMisBocHangZhou.DAL.UserInfoDAL.Login(String userName, String pwd) 位置 E:\01 Project\05 ZH Project\QzMisBocHangZhou\QzMisBocHangZhou.DAL\UserInfoDAL.cs:行号 12
   在 QzMisBocHangZhou.Biz.UserInfoBiz.Login(String userName, String password) 位置 E:\01 Project\05 ZH Project\QzMisBocHangZhou\QzMisBocHangZhou.Biz\UserInfoBiz.cs:行号 15
   在 QzMisBocHangZhou.Web.Controllers.LoginController.Login(String userName, String password) 位置 E:\01 Project\05 ZH Project\QzMisBocHangZhou\QzMisBocHangZhou.Web\Controllers\LoginController.cs:行号 20
   在 lambda_method(Closure , ControllerBase , Object[] )
   在 System.Web.Mvc.ActionMethodDispatcher.Execute(ControllerBase controller, Object[] parameters)
   在 System.Web.Mvc.ReflectedActionDescriptor.Execute(ControllerContext controllerContext, IDictionary`2 parameters)
   在 System.Web.Mvc.ControllerActionInvoker.InvokeActionMethod(ControllerContext controllerContext, ActionDescriptor actionDescriptor, IDictionary`2 parameters)
   在 System.Web.Mvc.Async.AsyncControllerActionInvoker.<>c.<BeginInvokeSynchronousActionMethod>b__9_0(IAsyncResult asyncResult, ActionInvocation innerInvokeState)
   在 System.Web.Mvc.Async.AsyncResultWrapper.WrappedAsyncResult`2.CallEndDelegate(IAsyncResult asyncResult)
   在 System.Web.Mvc.Async.AsyncResultWrapper.WrappedAsyncResultBase`1.End()
   在 System.Web.Mvc.Async.AsyncControllerActionInvoker.EndInvokeActionMethod(IAsyncResult asyncResult)
   在 System.Web.Mvc.Async.AsyncControllerActionInvoker.AsyncInvocationWithFilters.<>c__DisplayClass11_0.<InvokeActionMethodFilterAsynchronouslyRecursive>b__0()
   在 System.Web.Mvc.Async.AsyncControllerActionInvoker.AsyncInvocationWithFilters.<>c__DisplayClass11_2.<InvokeActionMethodFilterAsynchronouslyRecursive>b__2()
   在 System.Web.Mvc.Async.AsyncControllerActionInvoker.<>c__DisplayClass7_0.<BeginInvokeActionMethodWithFilters>b__1(IAsyncResult asyncResult)
   在 System.Web.Mvc.Async.AsyncResultWrapper.WrappedAsyncResult`1.CallEndDelegate(IAsyncResult asyncResult)
   在 System.Web.Mvc.Async.AsyncResultWrapper.WrappedAsyncResultBase`1.End()
   在 System.Web.Mvc.Async.AsyncControllerActionInvoker.EndInvokeActionMethodWithFilters(IAsyncResult asyncResult)
   在 System.Web.Mvc.Async.AsyncControllerActionInvoker.<>c__DisplayClass3_6.<BeginInvokeAction>b__4()
   在 System.Web.Mvc.Async.AsyncControllerActionInvoker.<>c__DisplayClass3_1.<BeginInvokeAction>b__1(IAsyncResult asyncResult)
